Performing C++ SOURCE FILE Test USE_STD_FOR_EACH_N failed with the following output:
Change Dir: /home/wonderwoman/desktop/SEAL_N/SEAL-master/CMakeFiles/CMakeTmp

Run Build Command(s):/usr/bin/make cmTC_88999/fast && /usr/bin/make -f CMakeFiles/cmTC_88999.dir/build.make CMakeFiles/cmTC_88999.dir/build
make[1]: Entering directory '/mnt/c/Users/npkal/Desktop/SEAL_N/SEAL-master/CMakeFiles/CMakeTmp'
Building CXX object CMakeFiles/cmTC_88999.dir/src.cxx.o
/usr/bin/c++    -DUSE_STD_FOR_EACH_N  -O0 -std=c++17 -fPIE   -o CMakeFiles/cmTC_88999.dir/src.cxx.o -c /home/wonderwoman/desktop/SEAL_N/SEAL-master/CMakeFiles/CMakeTmp/src.cxx
/home/wonderwoman/desktop/SEAL_N/SEAL-master/CMakeFiles/CMakeTmp/src.cxx: In function ‘int main()’:
/home/wonderwoman/desktop/SEAL_N/SEAL-master/CMakeFiles/CMakeTmp/src.cxx:5:42: error: ‘for_each_n’ is not a member of ‘std’
                 volatile auto fun = std::for_each_n(a, 1, [](auto b) {});
                                          ^~~~~~~~~~
/home/wonderwoman/desktop/SEAL_N/SEAL-master/CMakeFiles/CMakeTmp/src.cxx:5:42: note: suggested alternative: ‘for_each’
                 volatile auto fun = std::for_each_n(a, 1, [](auto b) {});
                                          ^~~~~~~~~~
                                          for_each
CMakeFiles/cmTC_88999.dir/build.make:65: recipe for target 'CMakeFiles/cmTC_88999.dir/src.cxx.o' failed
make[1]: *** [CMakeFiles/cmTC_88999.dir/src.cxx.o] Error 1
make[1]: Leaving directory '/mnt/c/Users/npkal/Desktop/SEAL_N/SEAL-master/CMakeFiles/CMakeTmp'
Makefile:121: recipe for target 'cmTC_88999/fast' failed
make: *** [cmTC_88999/fast] Error 2


Source file was:

            #include <algorithm>
            int main() {
                int a[1]{ 0 };
                volatile auto fun = std::for_each_n(a, 1, [](auto b) {});
                return 0;
            }
Performing C++ SOURCE FILE Test USE_MEMSET_S failed with the following output:
Change Dir: /home/wonderwoman/desktop/SEAL_N/SEAL-master/CMakeFiles/CMakeTmp

Run Build Command(s):/usr/bin/make cmTC_a52af/fast && /usr/bin/make -f CMakeFiles/cmTC_a52af.dir/build.make CMakeFiles/cmTC_a52af.dir/build
make[1]: Entering directory '/mnt/c/Users/npkal/Desktop/SEAL_N/SEAL-master/CMakeFiles/CMakeTmp'
Building CXX object CMakeFiles/cmTC_a52af.dir/src.cxx.o
/usr/bin/c++    -DUSE_MEMSET_S -fPIE   -o CMakeFiles/cmTC_a52af.dir/src.cxx.o -c /home/wonderwoman/desktop/SEAL_N/SEAL-master/CMakeFiles/CMakeTmp/src.cxx
/home/wonderwoman/desktop/SEAL_N/SEAL-master/CMakeFiles/CMakeTmp/src.cxx: In function ‘int main()’:
/home/wonderwoman/desktop/SEAL_N/SEAL-master/CMakeFiles/CMakeTmp/src.cxx:7:17: error: ‘memset_s’ was not declared in this scope
         int r = memset_s(str, sizeof(str), 'a', 5);
                 ^~~~~~~~
/home/wonderwoman/desktop/SEAL_N/SEAL-master/CMakeFiles/CMakeTmp/src.cxx:7:17: note: suggested alternative: ‘memset’
         int r = memset_s(str, sizeof(str), 'a', 5);
                 ^~~~~~~~
                 memset
CMakeFiles/cmTC_a52af.dir/build.make:65: recipe for target 'CMakeFiles/cmTC_a52af.dir/src.cxx.o' failed
make[1]: *** [CMakeFiles/cmTC_a52af.dir/src.cxx.o] Error 1
make[1]: Leaving directory '/mnt/c/Users/npkal/Desktop/SEAL_N/SEAL-master/CMakeFiles/CMakeTmp'
Makefile:121: recipe for target 'cmTC_a52af/fast' failed
make: *** [cmTC_a52af/fast] Error 2


...and run output:

Return value: 1
Source file was:

    #define __STDC_WANT_LIB_EXT1__ 1
    #include <string.h>
    int main(void)
    {
        char str[] = "ghghghghghghghghghghgh";
        int r = memset_s(str, sizeof(str), 'a', 5);
        return r;
    }
Determining if the explicit_memset exist failed with the following output:
Change Dir: /home/wonderwoman/desktop/SEAL_N/SEAL-master/CMakeFiles/CMakeTmp

Run Build Command(s):/usr/bin/make cmTC_52ea9/fast && /usr/bin/make -f CMakeFiles/cmTC_52ea9.dir/build.make CMakeFiles/cmTC_52ea9.dir/build
make[1]: Entering directory '/mnt/c/Users/npkal/Desktop/SEAL_N/SEAL-master/CMakeFiles/CMakeTmp'
Building C object CMakeFiles/cmTC_52ea9.dir/CheckSymbolExists.c.o
/usr/bin/cc   -fPIE   -o CMakeFiles/cmTC_52ea9.dir/CheckSymbolExists.c.o   -c /home/wonderwoman/desktop/SEAL_N/SEAL-master/CMakeFiles/CMakeTmp/CheckSymbolExists.c
/home/wonderwoman/desktop/SEAL_N/SEAL-master/CMakeFiles/CMakeTmp/CheckSymbolExists.c: In function ‘main’:
/home/wonderwoman/desktop/SEAL_N/SEAL-master/CMakeFiles/CMakeTmp/CheckSymbolExists.c:8:19: error: ‘explicit_memset’ undeclared (first use in this function); did you mean ‘explicit_bzero’?
   return ((int*)(&explicit_memset))[argc];
                   ^~~~~~~~~~~~~~~
                   explicit_bzero
/home/wonderwoman/desktop/SEAL_N/SEAL-master/CMakeFiles/CMakeTmp/CheckSymbolExists.c:8:19: note: each undeclared identifier is reported only once for each function it appears in
CMakeFiles/cmTC_52ea9.dir/build.make:65: recipe for target 'CMakeFiles/cmTC_52ea9.dir/CheckSymbolExists.c.o' failed
make[1]: *** [CMakeFiles/cmTC_52ea9.dir/CheckSymbolExists.c.o] Error 1
make[1]: Leaving directory '/mnt/c/Users/npkal/Desktop/SEAL_N/SEAL-master/CMakeFiles/CMakeTmp'
Makefile:121: recipe for target 'cmTC_52ea9/fast' failed
make: *** [cmTC_52ea9/fast] Error 2


File /home/wonderwoman/desktop/SEAL_N/SEAL-master/CMakeFiles/CMakeTmp/CheckSymbolExists.c:
/* */
#include <string.h>

int main(int argc, char** argv)
{
  (void)argv;
#ifndef explicit_memset
  return ((int*)(&explicit_memset))[argc];
#else
  (void)argc;
  return 0;
#endif
}

Performing C SOURCE FILE Test CMAKE_HAVE_LIBC_PTHREAD failed with the following output:
Change Dir: /home/wonderwoman/desktop/SEAL_N/SEAL-master/CMakeFiles/CMakeTmp

Run Build Command(s):/usr/bin/make cmTC_d8bb1/fast && /usr/bin/make -f CMakeFiles/cmTC_d8bb1.dir/build.make CMakeFiles/cmTC_d8bb1.dir/build
make[1]: Entering directory '/mnt/c/Users/npkal/Desktop/SEAL_N/SEAL-master/CMakeFiles/CMakeTmp'
Building C object CMakeFiles/cmTC_d8bb1.dir/src.c.o
/usr/bin/cc   -DCMAKE_HAVE_LIBC_PTHREAD -fPIE   -o CMakeFiles/cmTC_d8bb1.dir/src.c.o   -c /home/wonderwoman/desktop/SEAL_N/SEAL-master/CMakeFiles/CMakeTmp/src.c
Linking C executable cmTC_d8bb1
/usr/local/bin/cmake -E cmake_link_script CMakeFiles/cmTC_d8bb1.dir/link.txt --verbose=1
/usr/bin/cc  -DCMAKE_HAVE_LIBC_PTHREAD    -rdynamic CMakeFiles/cmTC_d8bb1.dir/src.c.o  -o cmTC_d8bb1 
CMakeFiles/cmTC_d8bb1.dir/src.c.o: In function `main':
src.c:(.text+0x3e): undefined reference to `pthread_create'
src.c:(.text+0x4a): undefined reference to `pthread_detach'
src.c:(.text+0x5b): undefined reference to `pthread_join'
src.c:(.text+0x6f): undefined reference to `pthread_atfork'
collect2: error: ld returned 1 exit status
CMakeFiles/cmTC_d8bb1.dir/build.make:86: recipe for target 'cmTC_d8bb1' failed
make[1]: *** [cmTC_d8bb1] Error 1
make[1]: Leaving directory '/mnt/c/Users/npkal/Desktop/SEAL_N/SEAL-master/CMakeFiles/CMakeTmp'
Makefile:121: recipe for target 'cmTC_d8bb1/fast' failed
make: *** [cmTC_d8bb1/fast] Error 2


Source file was:
#include <pthread.h>

void* test_func(void* data)
{
  return data;
}

int main(void)
{
  pthread_t thread;
  pthread_create(&thread, NULL, test_func, NULL);
  pthread_detach(thread);
  pthread_join(thread, NULL);
  pthread_atfork(NULL, NULL, NULL);
  pthread_exit(NULL);

  return 0;
}

Performing C++ SOURCE FILE Test USE_STD_FOR_EACH_N failed with the following output:
Change Dir: /home/wonderwoman/desktop/SEAL_N/SEAL-master/CMakeFiles/CMakeTmp

Run Build Command(s):/usr/bin/make cmTC_34e89/fast && /usr/bin/make -f CMakeFiles/cmTC_34e89.dir/build.make CMakeFiles/cmTC_34e89.dir/build
make[1]: Entering directory '/mnt/c/Users/npkal/Desktop/SEAL_N/SEAL-master/CMakeFiles/CMakeTmp'
Building CXX object CMakeFiles/cmTC_34e89.dir/src.cxx.o
/usr/bin/c++    -DUSE_STD_FOR_EACH_N  -O0 -std=c++17 -fPIE   -o CMakeFiles/cmTC_34e89.dir/src.cxx.o -c /home/wonderwoman/desktop/SEAL_N/SEAL-master/CMakeFiles/CMakeTmp/src.cxx
/home/wonderwoman/desktop/SEAL_N/SEAL-master/CMakeFiles/CMakeTmp/src.cxx: In function ‘int main()’:
/home/wonderwoman/desktop/SEAL_N/SEAL-master/CMakeFiles/CMakeTmp/src.cxx:5:42: error: ‘for_each_n’ is not a member of ‘std’
                 volatile auto fun = std::for_each_n(a, 1, [](auto b) {});
                                          ^~~~~~~~~~
/home/wonderwoman/desktop/SEAL_N/SEAL-master/CMakeFiles/CMakeTmp/src.cxx:5:42: note: suggested alternative: ‘for_each’
                 volatile auto fun = std::for_each_n(a, 1, [](auto b) {});
                                          ^~~~~~~~~~
                                          for_each
CMakeFiles/cmTC_34e89.dir/build.make:65: recipe for target 'CMakeFiles/cmTC_34e89.dir/src.cxx.o' failed
make[1]: *** [CMakeFiles/cmTC_34e89.dir/src.cxx.o] Error 1
make[1]: Leaving directory '/mnt/c/Users/npkal/Desktop/SEAL_N/SEAL-master/CMakeFiles/CMakeTmp'
Makefile:121: recipe for target 'cmTC_34e89/fast' failed
make: *** [cmTC_34e89/fast] Error 2


Source file was:

            #include <algorithm>
            int main() {
                int a[1]{ 0 };
                volatile auto fun = std::for_each_n(a, 1, [](auto b) {});
                return 0;
            }
Performing C++ SOURCE FILE Test USE_MEMSET_S failed with the following output:
Change Dir: /home/wonderwoman/desktop/SEAL_N/SEAL-master/CMakeFiles/CMakeTmp

Run Build Command(s):/usr/bin/make cmTC_f3583/fast && /usr/bin/make -f CMakeFiles/cmTC_f3583.dir/build.make CMakeFiles/cmTC_f3583.dir/build
make[1]: Entering directory '/mnt/c/Users/npkal/Desktop/SEAL_N/SEAL-master/CMakeFiles/CMakeTmp'
Building CXX object CMakeFiles/cmTC_f3583.dir/src.cxx.o
/usr/bin/c++    -DUSE_MEMSET_S -fPIE   -o CMakeFiles/cmTC_f3583.dir/src.cxx.o -c /home/wonderwoman/desktop/SEAL_N/SEAL-master/CMakeFiles/CMakeTmp/src.cxx
/home/wonderwoman/desktop/SEAL_N/SEAL-master/CMakeFiles/CMakeTmp/src.cxx: In function ‘int main()’:
/home/wonderwoman/desktop/SEAL_N/SEAL-master/CMakeFiles/CMakeTmp/src.cxx:7:17: error: ‘memset_s’ was not declared in this scope
         int r = memset_s(str, sizeof(str), 'a', 5);
                 ^~~~~~~~
/home/wonderwoman/desktop/SEAL_N/SEAL-master/CMakeFiles/CMakeTmp/src.cxx:7:17: note: suggested alternative: ‘memset’
         int r = memset_s(str, sizeof(str), 'a', 5);
                 ^~~~~~~~
                 memset
CMakeFiles/cmTC_f3583.dir/build.make:65: recipe for target 'CMakeFiles/cmTC_f3583.dir/src.cxx.o' failed
make[1]: *** [CMakeFiles/cmTC_f3583.dir/src.cxx.o] Error 1
make[1]: Leaving directory '/mnt/c/Users/npkal/Desktop/SEAL_N/SEAL-master/CMakeFiles/CMakeTmp'
Makefile:121: recipe for target 'cmTC_f3583/fast' failed
make: *** [cmTC_f3583/fast] Error 2


...and run output:

Return value: 1
Source file was:

    #define __STDC_WANT_LIB_EXT1__ 1
    #include <string.h>
    int main(void)
    {
        char str[] = "ghghghghghghghghghghgh";
        int r = memset_s(str, sizeof(str), 'a', 5);
        return r;
    }
Performing C++ SOURCE FILE Test USE_STD_FOR_EACH_N failed with the following output:
Change Dir: /home/wonderwoman/desktop/SEAL_N/SEAL-master/CMakeFiles/CMakeTmp

Run Build Command(s):/usr/bin/make cmTC_fa655/fast && /usr/bin/make -f CMakeFiles/cmTC_fa655.dir/build.make CMakeFiles/cmTC_fa655.dir/build
make[1]: Entering directory '/mnt/c/Users/npkal/Desktop/SEAL_N/SEAL-master/CMakeFiles/CMakeTmp'
Building CXX object CMakeFiles/cmTC_fa655.dir/src.cxx.o
/usr/bin/c++    -DUSE_STD_FOR_EACH_N  -O0 -std=c++17 -fPIE   -o CMakeFiles/cmTC_fa655.dir/src.cxx.o -c /home/wonderwoman/desktop/SEAL_N/SEAL-master/CMakeFiles/CMakeTmp/src.cxx
/home/wonderwoman/desktop/SEAL_N/SEAL-master/CMakeFiles/CMakeTmp/src.cxx: In function ‘int main()’:
/home/wonderwoman/desktop/SEAL_N/SEAL-master/CMakeFiles/CMakeTmp/src.cxx:5:42: error: ‘for_each_n’ is not a member of ‘std’
                 volatile auto fun = std::for_each_n(a, 1, [](auto b) {});
                                          ^~~~~~~~~~
/home/wonderwoman/desktop/SEAL_N/SEAL-master/CMakeFiles/CMakeTmp/src.cxx:5:42: note: suggested alternative: ‘for_each’
                 volatile auto fun = std::for_each_n(a, 1, [](auto b) {});
                                          ^~~~~~~~~~
                                          for_each
CMakeFiles/cmTC_fa655.dir/build.make:65: recipe for target 'CMakeFiles/cmTC_fa655.dir/src.cxx.o' failed
make[1]: *** [CMakeFiles/cmTC_fa655.dir/src.cxx.o] Error 1
make[1]: Leaving directory '/mnt/c/Users/npkal/Desktop/SEAL_N/SEAL-master/CMakeFiles/CMakeTmp'
Makefile:121: recipe for target 'cmTC_fa655/fast' failed
make: *** [cmTC_fa655/fast] Error 2


Source file was:

            #include <algorithm>
            int main() {
                int a[1]{ 0 };
                volatile auto fun = std::for_each_n(a, 1, [](auto b) {});
                return 0;
            }
Performing C++ SOURCE FILE Test USE_MEMSET_S failed with the following output:
Change Dir: /home/wonderwoman/desktop/SEAL_N/SEAL-master/CMakeFiles/CMakeTmp

Run Build Command(s):/usr/bin/make cmTC_5663d/fast && /usr/bin/make -f CMakeFiles/cmTC_5663d.dir/build.make CMakeFiles/cmTC_5663d.dir/build
make[1]: Entering directory '/mnt/c/Users/npkal/Desktop/SEAL_N/SEAL-master/CMakeFiles/CMakeTmp'
Building CXX object CMakeFiles/cmTC_5663d.dir/src.cxx.o
/usr/bin/c++    -DUSE_MEMSET_S -fPIE   -o CMakeFiles/cmTC_5663d.dir/src.cxx.o -c /home/wonderwoman/desktop/SEAL_N/SEAL-master/CMakeFiles/CMakeTmp/src.cxx
/home/wonderwoman/desktop/SEAL_N/SEAL-master/CMakeFiles/CMakeTmp/src.cxx: In function ‘int main()’:
/home/wonderwoman/desktop/SEAL_N/SEAL-master/CMakeFiles/CMakeTmp/src.cxx:7:17: error: ‘memset_s’ was not declared in this scope
         int r = memset_s(str, sizeof(str), 'a', 5);
                 ^~~~~~~~
/home/wonderwoman/desktop/SEAL_N/SEAL-master/CMakeFiles/CMakeTmp/src.cxx:7:17: note: suggested alternative: ‘memset’
         int r = memset_s(str, sizeof(str), 'a', 5);
                 ^~~~~~~~
                 memset
CMakeFiles/cmTC_5663d.dir/build.make:65: recipe for target 'CMakeFiles/cmTC_5663d.dir/src.cxx.o' failed
make[1]: *** [CMakeFiles/cmTC_5663d.dir/src.cxx.o] Error 1
make[1]: Leaving directory '/mnt/c/Users/npkal/Desktop/SEAL_N/SEAL-master/CMakeFiles/CMakeTmp'
Makefile:121: recipe for target 'cmTC_5663d/fast' failed
make: *** [cmTC_5663d/fast] Error 2


...and run output:

Return value: 1
Source file was:

    #define __STDC_WANT_LIB_EXT1__ 1
    #include <string.h>
    int main(void)
    {
        char str[] = "ghghghghghghghghghghgh";
        int r = memset_s(str, sizeof(str), 'a', 5);
        return r;
    }
Performing C++ SOURCE FILE Test USE_STD_FOR_EACH_N failed with the following output:
Change Dir: /home/wonderwoman/desktop/SEAL_N/SEAL-master/CMakeFiles/CMakeTmp

Run Build Command(s):/usr/bin/make cmTC_19603/fast && /usr/bin/make -f CMakeFiles/cmTC_19603.dir/build.make CMakeFiles/cmTC_19603.dir/build
make[1]: Entering directory '/mnt/c/Users/npkal/Desktop/SEAL_N/SEAL-master/CMakeFiles/CMakeTmp'
Building CXX object CMakeFiles/cmTC_19603.dir/src.cxx.o
/usr/bin/c++    -DUSE_STD_FOR_EACH_N  -O0 -std=c++17 -fPIE   -o CMakeFiles/cmTC_19603.dir/src.cxx.o -c /home/wonderwoman/desktop/SEAL_N/SEAL-master/CMakeFiles/CMakeTmp/src.cxx
/home/wonderwoman/desktop/SEAL_N/SEAL-master/CMakeFiles/CMakeTmp/src.cxx: In function ‘int main()’:
/home/wonderwoman/desktop/SEAL_N/SEAL-master/CMakeFiles/CMakeTmp/src.cxx:5:42: error: ‘for_each_n’ is not a member of ‘std’
                 volatile auto fun = std::for_each_n(a, 1, [](auto b) {});
                                          ^~~~~~~~~~
/home/wonderwoman/desktop/SEAL_N/SEAL-master/CMakeFiles/CMakeTmp/src.cxx:5:42: note: suggested alternative: ‘for_each’
                 volatile auto fun = std::for_each_n(a, 1, [](auto b) {});
                                          ^~~~~~~~~~
                                          for_each
CMakeFiles/cmTC_19603.dir/build.make:65: recipe for target 'CMakeFiles/cmTC_19603.dir/src.cxx.o' failed
make[1]: *** [CMakeFiles/cmTC_19603.dir/src.cxx.o] Error 1
make[1]: Leaving directory '/mnt/c/Users/npkal/Desktop/SEAL_N/SEAL-master/CMakeFiles/CMakeTmp'
Makefile:121: recipe for target 'cmTC_19603/fast' failed
make: *** [cmTC_19603/fast] Error 2


Source file was:

            #include <algorithm>
            int main() {
                int a[1]{ 0 };
                volatile auto fun = std::for_each_n(a, 1, [](auto b) {});
                return 0;
            }
Performing C++ SOURCE FILE Test USE_MEMSET_S failed with the following output:
Change Dir: /home/wonderwoman/desktop/SEAL_N/SEAL-master/CMakeFiles/CMakeTmp

Run Build Command(s):/usr/bin/make cmTC_13057/fast && /usr/bin/make -f CMakeFiles/cmTC_13057.dir/build.make CMakeFiles/cmTC_13057.dir/build
make[1]: Entering directory '/mnt/c/Users/npkal/Desktop/SEAL_N/SEAL-master/CMakeFiles/CMakeTmp'
Building CXX object CMakeFiles/cmTC_13057.dir/src.cxx.o
/usr/bin/c++    -DUSE_MEMSET_S -fPIE   -o CMakeFiles/cmTC_13057.dir/src.cxx.o -c /home/wonderwoman/desktop/SEAL_N/SEAL-master/CMakeFiles/CMakeTmp/src.cxx
/home/wonderwoman/desktop/SEAL_N/SEAL-master/CMakeFiles/CMakeTmp/src.cxx: In function ‘int main()’:
/home/wonderwoman/desktop/SEAL_N/SEAL-master/CMakeFiles/CMakeTmp/src.cxx:7:17: error: ‘memset_s’ was not declared in this scope
         int r = memset_s(str, sizeof(str), 'a', 5);
                 ^~~~~~~~
/home/wonderwoman/desktop/SEAL_N/SEAL-master/CMakeFiles/CMakeTmp/src.cxx:7:17: note: suggested alternative: ‘memset’
         int r = memset_s(str, sizeof(str), 'a', 5);
                 ^~~~~~~~
                 memset
CMakeFiles/cmTC_13057.dir/build.make:65: recipe for target 'CMakeFiles/cmTC_13057.dir/src.cxx.o' failed
make[1]: *** [CMakeFiles/cmTC_13057.dir/src.cxx.o] Error 1
make[1]: Leaving directory '/mnt/c/Users/npkal/Desktop/SEAL_N/SEAL-master/CMakeFiles/CMakeTmp'
Makefile:121: recipe for target 'cmTC_13057/fast' failed
make: *** [cmTC_13057/fast] Error 2


...and run output:

Return value: 1
Source file was:

    #define __STDC_WANT_LIB_EXT1__ 1
    #include <string.h>
    int main(void)
    {
        char str[] = "ghghghghghghghghghghgh";
        int r = memset_s(str, sizeof(str), 'a', 5);
        return r;
    }
Performing C++ SOURCE FILE Test USE_STD_FOR_EACH_N failed with the following output:
Change Dir: /home/wonderwoman/desktop/SEAL_N/SEAL-master/CMakeFiles/CMakeTmp

Run Build Command(s):/usr/bin/make cmTC_13c00/fast && /usr/bin/make -f CMakeFiles/cmTC_13c00.dir/build.make CMakeFiles/cmTC_13c00.dir/build
make[1]: Entering directory '/mnt/c/Users/npkal/Desktop/SEAL_N/SEAL-master/CMakeFiles/CMakeTmp'
Building CXX object CMakeFiles/cmTC_13c00.dir/src.cxx.o
/usr/bin/c++    -DUSE_STD_FOR_EACH_N  -O0 -std=c++17 -fPIE   -o CMakeFiles/cmTC_13c00.dir/src.cxx.o -c /home/wonderwoman/desktop/SEAL_N/SEAL-master/CMakeFiles/CMakeTmp/src.cxx
/home/wonderwoman/desktop/SEAL_N/SEAL-master/CMakeFiles/CMakeTmp/src.cxx: In function ‘int main()’:
/home/wonderwoman/desktop/SEAL_N/SEAL-master/CMakeFiles/CMakeTmp/src.cxx:5:42: error: ‘for_each_n’ is not a member of ‘std’
                 volatile auto fun = std::for_each_n(a, 1, [](auto b) {});
                                          ^~~~~~~~~~
/home/wonderwoman/desktop/SEAL_N/SEAL-master/CMakeFiles/CMakeTmp/src.cxx:5:42: note: suggested alternative: ‘for_each’
                 volatile auto fun = std::for_each_n(a, 1, [](auto b) {});
                                          ^~~~~~~~~~
                                          for_each
CMakeFiles/cmTC_13c00.dir/build.make:65: recipe for target 'CMakeFiles/cmTC_13c00.dir/src.cxx.o' failed
make[1]: *** [CMakeFiles/cmTC_13c00.dir/src.cxx.o] Error 1
make[1]: Leaving directory '/mnt/c/Users/npkal/Desktop/SEAL_N/SEAL-master/CMakeFiles/CMakeTmp'
Makefile:121: recipe for target 'cmTC_13c00/fast' failed
make: *** [cmTC_13c00/fast] Error 2


Source file was:

            #include <algorithm>
            int main() {
                int a[1]{ 0 };
                volatile auto fun = std::for_each_n(a, 1, [](auto b) {});
                return 0;
            }
Performing C++ SOURCE FILE Test USE_MEMSET_S failed with the following output:
Change Dir: /home/wonderwoman/desktop/SEAL_N/SEAL-master/CMakeFiles/CMakeTmp

Run Build Command(s):/usr/bin/make cmTC_e178e/fast && /usr/bin/make -f CMakeFiles/cmTC_e178e.dir/build.make CMakeFiles/cmTC_e178e.dir/build
make[1]: Entering directory '/mnt/c/Users/npkal/Desktop/SEAL_N/SEAL-master/CMakeFiles/CMakeTmp'
Building CXX object CMakeFiles/cmTC_e178e.dir/src.cxx.o
/usr/bin/c++    -DUSE_MEMSET_S -fPIE   -o CMakeFiles/cmTC_e178e.dir/src.cxx.o -c /home/wonderwoman/desktop/SEAL_N/SEAL-master/CMakeFiles/CMakeTmp/src.cxx
/home/wonderwoman/desktop/SEAL_N/SEAL-master/CMakeFiles/CMakeTmp/src.cxx: In function ‘int main()’:
/home/wonderwoman/desktop/SEAL_N/SEAL-master/CMakeFiles/CMakeTmp/src.cxx:7:17: error: ‘memset_s’ was not declared in this scope
         int r = memset_s(str, sizeof(str), 'a', 5);
                 ^~~~~~~~
/home/wonderwoman/desktop/SEAL_N/SEAL-master/CMakeFiles/CMakeTmp/src.cxx:7:17: note: suggested alternative: ‘memset’
         int r = memset_s(str, sizeof(str), 'a', 5);
                 ^~~~~~~~
                 memset
CMakeFiles/cmTC_e178e.dir/build.make:65: recipe for target 'CMakeFiles/cmTC_e178e.dir/src.cxx.o' failed
make[1]: *** [CMakeFiles/cmTC_e178e.dir/src.cxx.o] Error 1
make[1]: Leaving directory '/mnt/c/Users/npkal/Desktop/SEAL_N/SEAL-master/CMakeFiles/CMakeTmp'
Makefile:121: recipe for target 'cmTC_e178e/fast' failed
make: *** [cmTC_e178e/fast] Error 2


...and run output:

Return value: 1
Source file was:

    #define __STDC_WANT_LIB_EXT1__ 1
    #include <string.h>
    int main(void)
    {
        char str[] = "ghghghghghghghghghghgh";
        int r = memset_s(str, sizeof(str), 'a', 5);
        return r;
    }
Performing C++ SOURCE FILE Test USE_STD_FOR_EACH_N failed with the following output:
Change Dir: /home/wonderwoman/desktop/SEAL_N/SEAL-master/CMakeFiles/CMakeTmp

Run Build Command(s):/usr/bin/make cmTC_a8a74/fast && /usr/bin/make -f CMakeFiles/cmTC_a8a74.dir/build.make CMakeFiles/cmTC_a8a74.dir/build
make[1]: Entering directory '/mnt/c/Users/npkal/Desktop/SEAL_N/SEAL-master/CMakeFiles/CMakeTmp'
Building CXX object CMakeFiles/cmTC_a8a74.dir/src.cxx.o
/usr/bin/c++    -DUSE_STD_FOR_EACH_N  -O0 -std=c++17 -fPIE   -o CMakeFiles/cmTC_a8a74.dir/src.cxx.o -c /home/wonderwoman/desktop/SEAL_N/SEAL-master/CMakeFiles/CMakeTmp/src.cxx
/home/wonderwoman/desktop/SEAL_N/SEAL-master/CMakeFiles/CMakeTmp/src.cxx: In function ‘int main()’:
/home/wonderwoman/desktop/SEAL_N/SEAL-master/CMakeFiles/CMakeTmp/src.cxx:5:42: error: ‘for_each_n’ is not a member of ‘std’
                 volatile auto fun = std::for_each_n(a, 1, [](auto b) {});
                                          ^~~~~~~~~~
/home/wonderwoman/desktop/SEAL_N/SEAL-master/CMakeFiles/CMakeTmp/src.cxx:5:42: note: suggested alternative: ‘for_each’
                 volatile auto fun = std::for_each_n(a, 1, [](auto b) {});
                                          ^~~~~~~~~~
                                          for_each
CMakeFiles/cmTC_a8a74.dir/build.make:65: recipe for target 'CMakeFiles/cmTC_a8a74.dir/src.cxx.o' failed
make[1]: *** [CMakeFiles/cmTC_a8a74.dir/src.cxx.o] Error 1
make[1]: Leaving directory '/mnt/c/Users/npkal/Desktop/SEAL_N/SEAL-master/CMakeFiles/CMakeTmp'
Makefile:121: recipe for target 'cmTC_a8a74/fast' failed
make: *** [cmTC_a8a74/fast] Error 2


Source file was:

            #include <algorithm>
            int main() {
                int a[1]{ 0 };
                volatile auto fun = std::for_each_n(a, 1, [](auto b) {});
                return 0;
            }
Performing C++ SOURCE FILE Test USE_MEMSET_S failed with the following output:
Change Dir: /home/wonderwoman/desktop/SEAL_N/SEAL-master/CMakeFiles/CMakeTmp

Run Build Command(s):/usr/bin/make cmTC_bfb25/fast && /usr/bin/make -f CMakeFiles/cmTC_bfb25.dir/build.make CMakeFiles/cmTC_bfb25.dir/build
make[1]: Entering directory '/mnt/c/Users/npkal/Desktop/SEAL_N/SEAL-master/CMakeFiles/CMakeTmp'
Building CXX object CMakeFiles/cmTC_bfb25.dir/src.cxx.o
/usr/bin/c++    -DUSE_MEMSET_S -fPIE   -o CMakeFiles/cmTC_bfb25.dir/src.cxx.o -c /home/wonderwoman/desktop/SEAL_N/SEAL-master/CMakeFiles/CMakeTmp/src.cxx
/home/wonderwoman/desktop/SEAL_N/SEAL-master/CMakeFiles/CMakeTmp/src.cxx: In function ‘int main()’:
/home/wonderwoman/desktop/SEAL_N/SEAL-master/CMakeFiles/CMakeTmp/src.cxx:7:17: error: ‘memset_s’ was not declared in this scope
         int r = memset_s(str, sizeof(str), 'a', 5);
                 ^~~~~~~~
/home/wonderwoman/desktop/SEAL_N/SEAL-master/CMakeFiles/CMakeTmp/src.cxx:7:17: note: suggested alternative: ‘memset’
         int r = memset_s(str, sizeof(str), 'a', 5);
                 ^~~~~~~~
                 memset
CMakeFiles/cmTC_bfb25.dir/build.make:65: recipe for target 'CMakeFiles/cmTC_bfb25.dir/src.cxx.o' failed
make[1]: *** [CMakeFiles/cmTC_bfb25.dir/src.cxx.o] Error 1
make[1]: Leaving directory '/mnt/c/Users/npkal/Desktop/SEAL_N/SEAL-master/CMakeFiles/CMakeTmp'
Makefile:121: recipe for target 'cmTC_bfb25/fast' failed
make: *** [cmTC_bfb25/fast] Error 2


...and run output:

Return value: 1
Source file was:

    #define __STDC_WANT_LIB_EXT1__ 1
    #include <string.h>
    int main(void)
    {
        char str[] = "ghghghghghghghghghghgh";
        int r = memset_s(str, sizeof(str), 'a', 5);
        return r;
    }
Performing C++ SOURCE FILE Test USE_STD_FOR_EACH_N failed with the following output:
Change Dir: /home/wonderwoman/desktop/SEAL_N/SEAL-master/CMakeFiles/CMakeTmp

Run Build Command(s):/usr/bin/make cmTC_1e933/fast && /usr/bin/make -f CMakeFiles/cmTC_1e933.dir/build.make CMakeFiles/cmTC_1e933.dir/build
make[1]: Entering directory '/mnt/c/Users/npkal/Desktop/SEAL_N/SEAL-master/CMakeFiles/CMakeTmp'
Building CXX object CMakeFiles/cmTC_1e933.dir/src.cxx.o
/usr/bin/c++    -DUSE_STD_FOR_EACH_N  -O0 -std=c++17 -fPIE   -o CMakeFiles/cmTC_1e933.dir/src.cxx.o -c /home/wonderwoman/desktop/SEAL_N/SEAL-master/CMakeFiles/CMakeTmp/src.cxx
/home/wonderwoman/desktop/SEAL_N/SEAL-master/CMakeFiles/CMakeTmp/src.cxx: In function ‘int main()’:
/home/wonderwoman/desktop/SEAL_N/SEAL-master/CMakeFiles/CMakeTmp/src.cxx:5:42: error: ‘for_each_n’ is not a member of ‘std’
                 volatile auto fun = std::for_each_n(a, 1, [](auto b) {});
                                          ^~~~~~~~~~
/home/wonderwoman/desktop/SEAL_N/SEAL-master/CMakeFiles/CMakeTmp/src.cxx:5:42: note: suggested alternative: ‘for_each’
                 volatile auto fun = std::for_each_n(a, 1, [](auto b) {});
                                          ^~~~~~~~~~
                                          for_each
CMakeFiles/cmTC_1e933.dir/build.make:65: recipe for target 'CMakeFiles/cmTC_1e933.dir/src.cxx.o' failed
make[1]: *** [CMakeFiles/cmTC_1e933.dir/src.cxx.o] Error 1
make[1]: Leaving directory '/mnt/c/Users/npkal/Desktop/SEAL_N/SEAL-master/CMakeFiles/CMakeTmp'
Makefile:121: recipe for target 'cmTC_1e933/fast' failed
make: *** [cmTC_1e933/fast] Error 2


Source file was:

            #include <algorithm>
            int main() {
                int a[1]{ 0 };
                volatile auto fun = std::for_each_n(a, 1, [](auto b) {});
                return 0;
            }
Performing C++ SOURCE FILE Test USE_MEMSET_S failed with the following output:
Change Dir: /home/wonderwoman/desktop/SEAL_N/SEAL-master/CMakeFiles/CMakeTmp

Run Build Command(s):/usr/bin/make cmTC_9af5e/fast && /usr/bin/make -f CMakeFiles/cmTC_9af5e.dir/build.make CMakeFiles/cmTC_9af5e.dir/build
make[1]: Entering directory '/mnt/c/Users/npkal/Desktop/SEAL_N/SEAL-master/CMakeFiles/CMakeTmp'
Building CXX object CMakeFiles/cmTC_9af5e.dir/src.cxx.o
/usr/bin/c++    -DUSE_MEMSET_S -fPIE   -o CMakeFiles/cmTC_9af5e.dir/src.cxx.o -c /home/wonderwoman/desktop/SEAL_N/SEAL-master/CMakeFiles/CMakeTmp/src.cxx
/home/wonderwoman/desktop/SEAL_N/SEAL-master/CMakeFiles/CMakeTmp/src.cxx: In function ‘int main()’:
/home/wonderwoman/desktop/SEAL_N/SEAL-master/CMakeFiles/CMakeTmp/src.cxx:7:17: error: ‘memset_s’ was not declared in this scope
         int r = memset_s(str, sizeof(str), 'a', 5);
                 ^~~~~~~~
/home/wonderwoman/desktop/SEAL_N/SEAL-master/CMakeFiles/CMakeTmp/src.cxx:7:17: note: suggested alternative: ‘memset’
         int r = memset_s(str, sizeof(str), 'a', 5);
                 ^~~~~~~~
                 memset
CMakeFiles/cmTC_9af5e.dir/build.make:65: recipe for target 'CMakeFiles/cmTC_9af5e.dir/src.cxx.o' failed
make[1]: *** [CMakeFiles/cmTC_9af5e.dir/src.cxx.o] Error 1
make[1]: Leaving directory '/mnt/c/Users/npkal/Desktop/SEAL_N/SEAL-master/CMakeFiles/CMakeTmp'
Makefile:121: recipe for target 'cmTC_9af5e/fast' failed
make: *** [cmTC_9af5e/fast] Error 2


...and run output:

Return value: 1
Source file was:

    #define __STDC_WANT_LIB_EXT1__ 1
    #include <string.h>
    int main(void)
    {
        char str[] = "ghghghghghghghghghghgh";
        int r = memset_s(str, sizeof(str), 'a', 5);
        return r;
    }
Performing C++ SOURCE FILE Test USE_STD_FOR_EACH_N failed with the following output:
Change Dir: /home/wonderwoman/desktop/SEAL_N/SEAL-master/CMakeFiles/CMakeTmp

Run Build Command(s):/usr/bin/make cmTC_1c5a8/fast && /usr/bin/make -f CMakeFiles/cmTC_1c5a8.dir/build.make CMakeFiles/cmTC_1c5a8.dir/build
make[1]: Entering directory '/mnt/c/Users/npkal/Desktop/SEAL_N/SEAL-master/CMakeFiles/CMakeTmp'
Building CXX object CMakeFiles/cmTC_1c5a8.dir/src.cxx.o
/usr/bin/c++    -DUSE_STD_FOR_EACH_N  -O0 -std=c++17 -fPIE   -o CMakeFiles/cmTC_1c5a8.dir/src.cxx.o -c /home/wonderwoman/desktop/SEAL_N/SEAL-master/CMakeFiles/CMakeTmp/src.cxx
/home/wonderwoman/desktop/SEAL_N/SEAL-master/CMakeFiles/CMakeTmp/src.cxx: In function ‘int main()’:
/home/wonderwoman/desktop/SEAL_N/SEAL-master/CMakeFiles/CMakeTmp/src.cxx:5:42: error: ‘for_each_n’ is not a member of ‘std’
                 volatile auto fun = std::for_each_n(a, 1, [](auto b) {});
                                          ^~~~~~~~~~
/home/wonderwoman/desktop/SEAL_N/SEAL-master/CMakeFiles/CMakeTmp/src.cxx:5:42: note: suggested alternative: ‘for_each’
                 volatile auto fun = std::for_each_n(a, 1, [](auto b) {});
                                          ^~~~~~~~~~
                                          for_each
CMakeFiles/cmTC_1c5a8.dir/build.make:65: recipe for target 'CMakeFiles/cmTC_1c5a8.dir/src.cxx.o' failed
make[1]: *** [CMakeFiles/cmTC_1c5a8.dir/src.cxx.o] Error 1
make[1]: Leaving directory '/mnt/c/Users/npkal/Desktop/SEAL_N/SEAL-master/CMakeFiles/CMakeTmp'
Makefile:121: recipe for target 'cmTC_1c5a8/fast' failed
make: *** [cmTC_1c5a8/fast] Error 2


Source file was:

            #include <algorithm>
            int main() {
                int a[1]{ 0 };
                volatile auto fun = std::for_each_n(a, 1, [](auto b) {});
                return 0;
            }
Performing C++ SOURCE FILE Test USE_MEMSET_S failed with the following output:
Change Dir: /home/wonderwoman/desktop/SEAL_N/SEAL-master/CMakeFiles/CMakeTmp

Run Build Command(s):/usr/bin/make cmTC_986d7/fast && /usr/bin/make -f CMakeFiles/cmTC_986d7.dir/build.make CMakeFiles/cmTC_986d7.dir/build
make[1]: Entering directory '/mnt/c/Users/npkal/Desktop/SEAL_N/SEAL-master/CMakeFiles/CMakeTmp'
Building CXX object CMakeFiles/cmTC_986d7.dir/src.cxx.o
/usr/bin/c++    -DUSE_MEMSET_S -fPIE   -o CMakeFiles/cmTC_986d7.dir/src.cxx.o -c /home/wonderwoman/desktop/SEAL_N/SEAL-master/CMakeFiles/CMakeTmp/src.cxx
/home/wonderwoman/desktop/SEAL_N/SEAL-master/CMakeFiles/CMakeTmp/src.cxx: In function ‘int main()’:
/home/wonderwoman/desktop/SEAL_N/SEAL-master/CMakeFiles/CMakeTmp/src.cxx:7:17: error: ‘memset_s’ was not declared in this scope
         int r = memset_s(str, sizeof(str), 'a', 5);
                 ^~~~~~~~
/home/wonderwoman/desktop/SEAL_N/SEAL-master/CMakeFiles/CMakeTmp/src.cxx:7:17: note: suggested alternative: ‘memset’
         int r = memset_s(str, sizeof(str), 'a', 5);
                 ^~~~~~~~
                 memset
CMakeFiles/cmTC_986d7.dir/build.make:65: recipe for target 'CMakeFiles/cmTC_986d7.dir/src.cxx.o' failed
make[1]: *** [CMakeFiles/cmTC_986d7.dir/src.cxx.o] Error 1
make[1]: Leaving directory '/mnt/c/Users/npkal/Desktop/SEAL_N/SEAL-master/CMakeFiles/CMakeTmp'
Makefile:121: recipe for target 'cmTC_986d7/fast' failed
make: *** [cmTC_986d7/fast] Error 2


...and run output:

Return value: 1
Source file was:

    #define __STDC_WANT_LIB_EXT1__ 1
    #include <string.h>
    int main(void)
    {
        char str[] = "ghghghghghghghghghghgh";
        int r = memset_s(str, sizeof(str), 'a', 5);
        return r;
    }
Performing C++ SOURCE FILE Test USE_STD_FOR_EACH_N failed with the following output:
Change Dir: /home/wonderwoman/desktop/SEAL_N/SEAL-master/CMakeFiles/CMakeTmp

Run Build Command(s):/usr/bin/make cmTC_39c5d/fast && /usr/bin/make -f CMakeFiles/cmTC_39c5d.dir/build.make CMakeFiles/cmTC_39c5d.dir/build
make[1]: Entering directory '/mnt/c/Users/npkal/Desktop/SEAL_N/SEAL-master/CMakeFiles/CMakeTmp'
Building CXX object CMakeFiles/cmTC_39c5d.dir/src.cxx.o
/usr/bin/c++    -DUSE_STD_FOR_EACH_N  -O0 -std=c++17 -fPIE   -o CMakeFiles/cmTC_39c5d.dir/src.cxx.o -c /home/wonderwoman/desktop/SEAL_N/SEAL-master/CMakeFiles/CMakeTmp/src.cxx
/home/wonderwoman/desktop/SEAL_N/SEAL-master/CMakeFiles/CMakeTmp/src.cxx: In function ‘int main()’:
/home/wonderwoman/desktop/SEAL_N/SEAL-master/CMakeFiles/CMakeTmp/src.cxx:5:42: error: ‘for_each_n’ is not a member of ‘std’
                 volatile auto fun = std::for_each_n(a, 1, [](auto b) {});
                                          ^~~~~~~~~~
/home/wonderwoman/desktop/SEAL_N/SEAL-master/CMakeFiles/CMakeTmp/src.cxx:5:42: note: suggested alternative: ‘for_each’
                 volatile auto fun = std::for_each_n(a, 1, [](auto b) {});
                                          ^~~~~~~~~~
                                          for_each
CMakeFiles/cmTC_39c5d.dir/build.make:65: recipe for target 'CMakeFiles/cmTC_39c5d.dir/src.cxx.o' failed
make[1]: *** [CMakeFiles/cmTC_39c5d.dir/src.cxx.o] Error 1
make[1]: Leaving directory '/mnt/c/Users/npkal/Desktop/SEAL_N/SEAL-master/CMakeFiles/CMakeTmp'
Makefile:121: recipe for target 'cmTC_39c5d/fast' failed
make: *** [cmTC_39c5d/fast] Error 2


Source file was:

            #include <algorithm>
            int main() {
                int a[1]{ 0 };
                volatile auto fun = std::for_each_n(a, 1, [](auto b) {});
                return 0;
            }
Performing C++ SOURCE FILE Test USE_MEMSET_S failed with the following output:
Change Dir: /home/wonderwoman/desktop/SEAL_N/SEAL-master/CMakeFiles/CMakeTmp

Run Build Command(s):/usr/bin/make cmTC_674e0/fast && /usr/bin/make -f CMakeFiles/cmTC_674e0.dir/build.make CMakeFiles/cmTC_674e0.dir/build
make[1]: Entering directory '/mnt/c/Users/npkal/Desktop/SEAL_N/SEAL-master/CMakeFiles/CMakeTmp'
Building CXX object CMakeFiles/cmTC_674e0.dir/src.cxx.o
/usr/bin/c++    -DUSE_MEMSET_S -fPIE   -o CMakeFiles/cmTC_674e0.dir/src.cxx.o -c /home/wonderwoman/desktop/SEAL_N/SEAL-master/CMakeFiles/CMakeTmp/src.cxx
/home/wonderwoman/desktop/SEAL_N/SEAL-master/CMakeFiles/CMakeTmp/src.cxx: In function ‘int main()’:
/home/wonderwoman/desktop/SEAL_N/SEAL-master/CMakeFiles/CMakeTmp/src.cxx:7:17: error: ‘memset_s’ was not declared in this scope
         int r = memset_s(str, sizeof(str), 'a', 5);
                 ^~~~~~~~
/home/wonderwoman/desktop/SEAL_N/SEAL-master/CMakeFiles/CMakeTmp/src.cxx:7:17: note: suggested alternative: ‘memset’
         int r = memset_s(str, sizeof(str), 'a', 5);
                 ^~~~~~~~
                 memset
CMakeFiles/cmTC_674e0.dir/build.make:65: recipe for target 'CMakeFiles/cmTC_674e0.dir/src.cxx.o' failed
make[1]: *** [CMakeFiles/cmTC_674e0.dir/src.cxx.o] Error 1
make[1]: Leaving directory '/mnt/c/Users/npkal/Desktop/SEAL_N/SEAL-master/CMakeFiles/CMakeTmp'
Makefile:121: recipe for target 'cmTC_674e0/fast' failed
make: *** [cmTC_674e0/fast] Error 2


...and run output:

Return value: 1
Source file was:

    #define __STDC_WANT_LIB_EXT1__ 1
    #include <string.h>
    int main(void)
    {
        char str[] = "ghghghghghghghghghghgh";
        int r = memset_s(str, sizeof(str), 'a', 5);
        return r;
    }
Performing C++ SOURCE FILE Test USE_STD_FOR_EACH_N failed with the following output:
Change Dir: /home/wonderwoman/desktop/SEAL_N/SEAL-master/CMakeFiles/CMakeTmp

Run Build Command(s):/usr/bin/make cmTC_e8653/fast && /usr/bin/make -f CMakeFiles/cmTC_e8653.dir/build.make CMakeFiles/cmTC_e8653.dir/build
make[1]: Entering directory '/mnt/c/Users/npkal/Desktop/SEAL_N/SEAL-master/CMakeFiles/CMakeTmp'
Building CXX object CMakeFiles/cmTC_e8653.dir/src.cxx.o
/usr/bin/c++    -DUSE_STD_FOR_EACH_N  -O0 -std=c++17 -fPIE   -o CMakeFiles/cmTC_e8653.dir/src.cxx.o -c /home/wonderwoman/desktop/SEAL_N/SEAL-master/CMakeFiles/CMakeTmp/src.cxx
/home/wonderwoman/desktop/SEAL_N/SEAL-master/CMakeFiles/CMakeTmp/src.cxx: In function ‘int main()’:
/home/wonderwoman/desktop/SEAL_N/SEAL-master/CMakeFiles/CMakeTmp/src.cxx:5:42: error: ‘for_each_n’ is not a member of ‘std’
                 volatile auto fun = std::for_each_n(a, 1, [](auto b) {});
                                          ^~~~~~~~~~
/home/wonderwoman/desktop/SEAL_N/SEAL-master/CMakeFiles/CMakeTmp/src.cxx:5:42: note: suggested alternative: ‘for_each’
                 volatile auto fun = std::for_each_n(a, 1, [](auto b) {});
                                          ^~~~~~~~~~
                                          for_each
CMakeFiles/cmTC_e8653.dir/build.make:65: recipe for target 'CMakeFiles/cmTC_e8653.dir/src.cxx.o' failed
make[1]: *** [CMakeFiles/cmTC_e8653.dir/src.cxx.o] Error 1
make[1]: Leaving directory '/mnt/c/Users/npkal/Desktop/SEAL_N/SEAL-master/CMakeFiles/CMakeTmp'
Makefile:121: recipe for target 'cmTC_e8653/fast' failed
make: *** [cmTC_e8653/fast] Error 2


Source file was:

            #include <algorithm>
            int main() {
                int a[1]{ 0 };
                volatile auto fun = std::for_each_n(a, 1, [](auto b) {});
                return 0;
            }
Performing C++ SOURCE FILE Test USE_MEMSET_S failed with the following output:
Change Dir: /home/wonderwoman/desktop/SEAL_N/SEAL-master/CMakeFiles/CMakeTmp

Run Build Command(s):/usr/bin/make cmTC_f49bd/fast && /usr/bin/make -f CMakeFiles/cmTC_f49bd.dir/build.make CMakeFiles/cmTC_f49bd.dir/build
make[1]: Entering directory '/mnt/c/Users/npkal/Desktop/SEAL_N/SEAL-master/CMakeFiles/CMakeTmp'
Building CXX object CMakeFiles/cmTC_f49bd.dir/src.cxx.o
/usr/bin/c++    -DUSE_MEMSET_S -fPIE   -o CMakeFiles/cmTC_f49bd.dir/src.cxx.o -c /home/wonderwoman/desktop/SEAL_N/SEAL-master/CMakeFiles/CMakeTmp/src.cxx
/home/wonderwoman/desktop/SEAL_N/SEAL-master/CMakeFiles/CMakeTmp/src.cxx: In function ‘int main()’:
/home/wonderwoman/desktop/SEAL_N/SEAL-master/CMakeFiles/CMakeTmp/src.cxx:7:17: error: ‘memset_s’ was not declared in this scope
         int r = memset_s(str, sizeof(str), 'a', 5);
                 ^~~~~~~~
/home/wonderwoman/desktop/SEAL_N/SEAL-master/CMakeFiles/CMakeTmp/src.cxx:7:17: note: suggested alternative: ‘memset’
         int r = memset_s(str, sizeof(str), 'a', 5);
                 ^~~~~~~~
                 memset
CMakeFiles/cmTC_f49bd.dir/build.make:65: recipe for target 'CMakeFiles/cmTC_f49bd.dir/src.cxx.o' failed
make[1]: *** [CMakeFiles/cmTC_f49bd.dir/src.cxx.o] Error 1
make[1]: Leaving directory '/mnt/c/Users/npkal/Desktop/SEAL_N/SEAL-master/CMakeFiles/CMakeTmp'
Makefile:121: recipe for target 'cmTC_f49bd/fast' failed
make: *** [cmTC_f49bd/fast] Error 2


...and run output:

Return value: 1
Source file was:

    #define __STDC_WANT_LIB_EXT1__ 1
    #include <string.h>
    int main(void)
    {
        char str[] = "ghghghghghghghghghghgh";
        int r = memset_s(str, sizeof(str), 'a', 5);
        return r;
    }
Performing C++ SOURCE FILE Test USE_STD_FOR_EACH_N failed with the following output:
Change Dir: /home/wonderwoman/desktop/SEAL_N/SEAL-master/CMakeFiles/CMakeTmp

Run Build Command(s):/usr/bin/make cmTC_07fb7/fast && /usr/bin/make -f CMakeFiles/cmTC_07fb7.dir/build.make CMakeFiles/cmTC_07fb7.dir/build
make[1]: Entering directory '/mnt/c/Users/npkal/Desktop/SEAL_N/SEAL-master/CMakeFiles/CMakeTmp'
Building CXX object CMakeFiles/cmTC_07fb7.dir/src.cxx.o
/usr/bin/c++    -DUSE_STD_FOR_EACH_N  -O0 -std=c++17 -fPIE   -o CMakeFiles/cmTC_07fb7.dir/src.cxx.o -c /home/wonderwoman/desktop/SEAL_N/SEAL-master/CMakeFiles/CMakeTmp/src.cxx
/home/wonderwoman/desktop/SEAL_N/SEAL-master/CMakeFiles/CMakeTmp/src.cxx: In function ‘int main()’:
/home/wonderwoman/desktop/SEAL_N/SEAL-master/CMakeFiles/CMakeTmp/src.cxx:5:42: error: ‘for_each_n’ is not a member of ‘std’
                 volatile auto fun = std::for_each_n(a, 1, [](auto b) {});
                                          ^~~~~~~~~~
/home/wonderwoman/desktop/SEAL_N/SEAL-master/CMakeFiles/CMakeTmp/src.cxx:5:42: note: suggested alternative: ‘for_each’
                 volatile auto fun = std::for_each_n(a, 1, [](auto b) {});
                                          ^~~~~~~~~~
                                          for_each
CMakeFiles/cmTC_07fb7.dir/build.make:65: recipe for target 'CMakeFiles/cmTC_07fb7.dir/src.cxx.o' failed
make[1]: *** [CMakeFiles/cmTC_07fb7.dir/src.cxx.o] Error 1
make[1]: Leaving directory '/mnt/c/Users/npkal/Desktop/SEAL_N/SEAL-master/CMakeFiles/CMakeTmp'
Makefile:121: recipe for target 'cmTC_07fb7/fast' failed
make: *** [cmTC_07fb7/fast] Error 2


Source file was:

            #include <algorithm>
            int main() {
                int a[1]{ 0 };
                volatile auto fun = std::for_each_n(a, 1, [](auto b) {});
                return 0;
            }
Performing C++ SOURCE FILE Test USE_MEMSET_S failed with the following output:
Change Dir: /home/wonderwoman/desktop/SEAL_N/SEAL-master/CMakeFiles/CMakeTmp

Run Build Command(s):/usr/bin/make cmTC_2b5c0/fast && /usr/bin/make -f CMakeFiles/cmTC_2b5c0.dir/build.make CMakeFiles/cmTC_2b5c0.dir/build
make[1]: Entering directory '/mnt/c/Users/npkal/Desktop/SEAL_N/SEAL-master/CMakeFiles/CMakeTmp'
Building CXX object CMakeFiles/cmTC_2b5c0.dir/src.cxx.o
/usr/bin/c++    -DUSE_MEMSET_S -fPIE   -o CMakeFiles/cmTC_2b5c0.dir/src.cxx.o -c /home/wonderwoman/desktop/SEAL_N/SEAL-master/CMakeFiles/CMakeTmp/src.cxx
/home/wonderwoman/desktop/SEAL_N/SEAL-master/CMakeFiles/CMakeTmp/src.cxx: In function ‘int main()’:
/home/wonderwoman/desktop/SEAL_N/SEAL-master/CMakeFiles/CMakeTmp/src.cxx:7:17: error: ‘memset_s’ was not declared in this scope
         int r = memset_s(str, sizeof(str), 'a', 5);
                 ^~~~~~~~
/home/wonderwoman/desktop/SEAL_N/SEAL-master/CMakeFiles/CMakeTmp/src.cxx:7:17: note: suggested alternative: ‘memset’
         int r = memset_s(str, sizeof(str), 'a', 5);
                 ^~~~~~~~
                 memset
CMakeFiles/cmTC_2b5c0.dir/build.make:65: recipe for target 'CMakeFiles/cmTC_2b5c0.dir/src.cxx.o' failed
make[1]: *** [CMakeFiles/cmTC_2b5c0.dir/src.cxx.o] Error 1
make[1]: Leaving directory '/mnt/c/Users/npkal/Desktop/SEAL_N/SEAL-master/CMakeFiles/CMakeTmp'
Makefile:121: recipe for target 'cmTC_2b5c0/fast' failed
make: *** [cmTC_2b5c0/fast] Error 2


...and run output:

Return value: 1
Source file was:

    #define __STDC_WANT_LIB_EXT1__ 1
    #include <string.h>
    int main(void)
    {
        char str[] = "ghghghghghghghghghghgh";
        int r = memset_s(str, sizeof(str), 'a', 5);
        return r;
    }
Performing C++ SOURCE FILE Test USE_STD_FOR_EACH_N failed with the following output:
Change Dir: /home/wonderwoman/desktop/SEAL_N/SEAL-master/CMakeFiles/CMakeTmp

Run Build Command(s):/usr/bin/make cmTC_7e6f8/fast && /usr/bin/make -f CMakeFiles/cmTC_7e6f8.dir/build.make CMakeFiles/cmTC_7e6f8.dir/build
make[1]: Entering directory '/mnt/c/Users/npkal/Desktop/SEAL_N/SEAL-master/CMakeFiles/CMakeTmp'
Building CXX object CMakeFiles/cmTC_7e6f8.dir/src.cxx.o
/usr/bin/c++    -DUSE_STD_FOR_EACH_N  -O0 -std=c++17 -fPIE   -o CMakeFiles/cmTC_7e6f8.dir/src.cxx.o -c /home/wonderwoman/desktop/SEAL_N/SEAL-master/CMakeFiles/CMakeTmp/src.cxx
/home/wonderwoman/desktop/SEAL_N/SEAL-master/CMakeFiles/CMakeTmp/src.cxx: In function ‘int main()’:
/home/wonderwoman/desktop/SEAL_N/SEAL-master/CMakeFiles/CMakeTmp/src.cxx:5:42: error: ‘for_each_n’ is not a member of ‘std’
                 volatile auto fun = std::for_each_n(a, 1, [](auto b) {});
                                          ^~~~~~~~~~
/home/wonderwoman/desktop/SEAL_N/SEAL-master/CMakeFiles/CMakeTmp/src.cxx:5:42: note: suggested alternative: ‘for_each’
                 volatile auto fun = std::for_each_n(a, 1, [](auto b) {});
                                          ^~~~~~~~~~
                                          for_each
CMakeFiles/cmTC_7e6f8.dir/build.make:65: recipe for target 'CMakeFiles/cmTC_7e6f8.dir/src.cxx.o' failed
make[1]: *** [CMakeFiles/cmTC_7e6f8.dir/src.cxx.o] Error 1
make[1]: Leaving directory '/mnt/c/Users/npkal/Desktop/SEAL_N/SEAL-master/CMakeFiles/CMakeTmp'
Makefile:121: recipe for target 'cmTC_7e6f8/fast' failed
make: *** [cmTC_7e6f8/fast] Error 2


Source file was:

            #include <algorithm>
            int main() {
                int a[1]{ 0 };
                volatile auto fun = std::for_each_n(a, 1, [](auto b) {});
                return 0;
            }
Performing C++ SOURCE FILE Test USE_MEMSET_S failed with the following output:
Change Dir: /home/wonderwoman/desktop/SEAL_N/SEAL-master/CMakeFiles/CMakeTmp

Run Build Command(s):/usr/bin/make cmTC_bffbb/fast && /usr/bin/make -f CMakeFiles/cmTC_bffbb.dir/build.make CMakeFiles/cmTC_bffbb.dir/build
make[1]: Entering directory '/mnt/c/Users/npkal/Desktop/SEAL_N/SEAL-master/CMakeFiles/CMakeTmp'
Building CXX object CMakeFiles/cmTC_bffbb.dir/src.cxx.o
/usr/bin/c++    -DUSE_MEMSET_S -fPIE   -o CMakeFiles/cmTC_bffbb.dir/src.cxx.o -c /home/wonderwoman/desktop/SEAL_N/SEAL-master/CMakeFiles/CMakeTmp/src.cxx
/home/wonderwoman/desktop/SEAL_N/SEAL-master/CMakeFiles/CMakeTmp/src.cxx: In function ‘int main()’:
/home/wonderwoman/desktop/SEAL_N/SEAL-master/CMakeFiles/CMakeTmp/src.cxx:7:17: error: ‘memset_s’ was not declared in this scope
         int r = memset_s(str, sizeof(str), 'a', 5);
                 ^~~~~~~~
/home/wonderwoman/desktop/SEAL_N/SEAL-master/CMakeFiles/CMakeTmp/src.cxx:7:17: note: suggested alternative: ‘memset’
         int r = memset_s(str, sizeof(str), 'a', 5);
                 ^~~~~~~~
                 memset
CMakeFiles/cmTC_bffbb.dir/build.make:65: recipe for target 'CMakeFiles/cmTC_bffbb.dir/src.cxx.o' failed
make[1]: *** [CMakeFiles/cmTC_bffbb.dir/src.cxx.o] Error 1
make[1]: Leaving directory '/mnt/c/Users/npkal/Desktop/SEAL_N/SEAL-master/CMakeFiles/CMakeTmp'
Makefile:121: recipe for target 'cmTC_bffbb/fast' failed
make: *** [cmTC_bffbb/fast] Error 2


...and run output:

Return value: 1
Source file was:

    #define __STDC_WANT_LIB_EXT1__ 1
    #include <string.h>
    int main(void)
    {
        char str[] = "ghghghghghghghghghghgh";
        int r = memset_s(str, sizeof(str), 'a', 5);
        return r;
    }
Performing C++ SOURCE FILE Test USE_STD_FOR_EACH_N failed with the following output:
Change Dir: /home/wonderwoman/desktop/SEAL_N/SEAL-master/CMakeFiles/CMakeTmp

Run Build Command(s):/usr/bin/make cmTC_688ec/fast && /usr/bin/make -f CMakeFiles/cmTC_688ec.dir/build.make CMakeFiles/cmTC_688ec.dir/build
make[1]: Entering directory '/mnt/c/Users/npkal/Desktop/SEAL_N/SEAL-master/CMakeFiles/CMakeTmp'
Building CXX object CMakeFiles/cmTC_688ec.dir/src.cxx.o
/usr/bin/c++    -DUSE_STD_FOR_EACH_N  -O0 -std=c++17 -fPIE   -o CMakeFiles/cmTC_688ec.dir/src.cxx.o -c /home/wonderwoman/desktop/SEAL_N/SEAL-master/CMakeFiles/CMakeTmp/src.cxx
/home/wonderwoman/desktop/SEAL_N/SEAL-master/CMakeFiles/CMakeTmp/src.cxx: In function ‘int main()’:
/home/wonderwoman/desktop/SEAL_N/SEAL-master/CMakeFiles/CMakeTmp/src.cxx:5:42: error: ‘for_each_n’ is not a member of ‘std’
                 volatile auto fun = std::for_each_n(a, 1, [](auto b) {});
                                          ^~~~~~~~~~
/home/wonderwoman/desktop/SEAL_N/SEAL-master/CMakeFiles/CMakeTmp/src.cxx:5:42: note: suggested alternative: ‘for_each’
                 volatile auto fun = std::for_each_n(a, 1, [](auto b) {});
                                          ^~~~~~~~~~
                                          for_each
CMakeFiles/cmTC_688ec.dir/build.make:65: recipe for target 'CMakeFiles/cmTC_688ec.dir/src.cxx.o' failed
make[1]: *** [CMakeFiles/cmTC_688ec.dir/src.cxx.o] Error 1
make[1]: Leaving directory '/mnt/c/Users/npkal/Desktop/SEAL_N/SEAL-master/CMakeFiles/CMakeTmp'
Makefile:121: recipe for target 'cmTC_688ec/fast' failed
make: *** [cmTC_688ec/fast] Error 2


Source file was:

            #include <algorithm>
            int main() {
                int a[1]{ 0 };
                volatile auto fun = std::for_each_n(a, 1, [](auto b) {});
                return 0;
            }
Performing C++ SOURCE FILE Test USE_MEMSET_S failed with the following output:
Change Dir: /home/wonderwoman/desktop/SEAL_N/SEAL-master/CMakeFiles/CMakeTmp

Run Build Command(s):/usr/bin/make cmTC_0cdc6/fast && /usr/bin/make -f CMakeFiles/cmTC_0cdc6.dir/build.make CMakeFiles/cmTC_0cdc6.dir/build
make[1]: Entering directory '/mnt/c/Users/npkal/Desktop/SEAL_N/SEAL-master/CMakeFiles/CMakeTmp'
Building CXX object CMakeFiles/cmTC_0cdc6.dir/src.cxx.o
/usr/bin/c++    -DUSE_MEMSET_S -fPIE   -o CMakeFiles/cmTC_0cdc6.dir/src.cxx.o -c /home/wonderwoman/desktop/SEAL_N/SEAL-master/CMakeFiles/CMakeTmp/src.cxx
/home/wonderwoman/desktop/SEAL_N/SEAL-master/CMakeFiles/CMakeTmp/src.cxx: In function ‘int main()’:
/home/wonderwoman/desktop/SEAL_N/SEAL-master/CMakeFiles/CMakeTmp/src.cxx:7:17: error: ‘memset_s’ was not declared in this scope
         int r = memset_s(str, sizeof(str), 'a', 5);
                 ^~~~~~~~
/home/wonderwoman/desktop/SEAL_N/SEAL-master/CMakeFiles/CMakeTmp/src.cxx:7:17: note: suggested alternative: ‘memset’
         int r = memset_s(str, sizeof(str), 'a', 5);
                 ^~~~~~~~
                 memset
CMakeFiles/cmTC_0cdc6.dir/build.make:65: recipe for target 'CMakeFiles/cmTC_0cdc6.dir/src.cxx.o' failed
make[1]: *** [CMakeFiles/cmTC_0cdc6.dir/src.cxx.o] Error 1
make[1]: Leaving directory '/mnt/c/Users/npkal/Desktop/SEAL_N/SEAL-master/CMakeFiles/CMakeTmp'
Makefile:121: recipe for target 'cmTC_0cdc6/fast' failed
make: *** [cmTC_0cdc6/fast] Error 2


...and run output:

Return value: 1
Source file was:

    #define __STDC_WANT_LIB_EXT1__ 1
    #include <string.h>
    int main(void)
    {
        char str[] = "ghghghghghghghghghghgh";
        int r = memset_s(str, sizeof(str), 'a', 5);
        return r;
    }
Performing C++ SOURCE FILE Test USE_STD_FOR_EACH_N failed with the following output:
Change Dir: /home/wonderwoman/desktop/SEAL_N/SEAL-master/CMakeFiles/CMakeTmp

Run Build Command(s):/usr/bin/make cmTC_f96ed/fast && /usr/bin/make -f CMakeFiles/cmTC_f96ed.dir/build.make CMakeFiles/cmTC_f96ed.dir/build
make[1]: Entering directory '/mnt/c/Users/npkal/Desktop/SEAL_N/SEAL-master/CMakeFiles/CMakeTmp'
Building CXX object CMakeFiles/cmTC_f96ed.dir/src.cxx.o
/usr/bin/c++    -DUSE_STD_FOR_EACH_N  -O0 -std=c++17 -fPIE   -o CMakeFiles/cmTC_f96ed.dir/src.cxx.o -c /home/wonderwoman/desktop/SEAL_N/SEAL-master/CMakeFiles/CMakeTmp/src.cxx
/home/wonderwoman/desktop/SEAL_N/SEAL-master/CMakeFiles/CMakeTmp/src.cxx: In function ‘int main()’:
/home/wonderwoman/desktop/SEAL_N/SEAL-master/CMakeFiles/CMakeTmp/src.cxx:5:42: error: ‘for_each_n’ is not a member of ‘std’
                 volatile auto fun = std::for_each_n(a, 1, [](auto b) {});
                                          ^~~~~~~~~~
/home/wonderwoman/desktop/SEAL_N/SEAL-master/CMakeFiles/CMakeTmp/src.cxx:5:42: note: suggested alternative: ‘for_each’
                 volatile auto fun = std::for_each_n(a, 1, [](auto b) {});
                                          ^~~~~~~~~~
                                          for_each
CMakeFiles/cmTC_f96ed.dir/build.make:65: recipe for target 'CMakeFiles/cmTC_f96ed.dir/src.cxx.o' failed
make[1]: *** [CMakeFiles/cmTC_f96ed.dir/src.cxx.o] Error 1
make[1]: Leaving directory '/mnt/c/Users/npkal/Desktop/SEAL_N/SEAL-master/CMakeFiles/CMakeTmp'
Makefile:121: recipe for target 'cmTC_f96ed/fast' failed
make: *** [cmTC_f96ed/fast] Error 2


Source file was:

            #include <algorithm>
            int main() {
                int a[1]{ 0 };
                volatile auto fun = std::for_each_n(a, 1, [](auto b) {});
                return 0;
            }
Performing C++ SOURCE FILE Test USE_MEMSET_S failed with the following output:
Change Dir: /home/wonderwoman/desktop/SEAL_N/SEAL-master/CMakeFiles/CMakeTmp

Run Build Command(s):/usr/bin/make cmTC_d64b6/fast && /usr/bin/make -f CMakeFiles/cmTC_d64b6.dir/build.make CMakeFiles/cmTC_d64b6.dir/build
make[1]: Entering directory '/mnt/c/Users/npkal/Desktop/SEAL_N/SEAL-master/CMakeFiles/CMakeTmp'
Building CXX object CMakeFiles/cmTC_d64b6.dir/src.cxx.o
/usr/bin/c++    -DUSE_MEMSET_S -fPIE   -o CMakeFiles/cmTC_d64b6.dir/src.cxx.o -c /home/wonderwoman/desktop/SEAL_N/SEAL-master/CMakeFiles/CMakeTmp/src.cxx
/home/wonderwoman/desktop/SEAL_N/SEAL-master/CMakeFiles/CMakeTmp/src.cxx: In function ‘int main()’:
/home/wonderwoman/desktop/SEAL_N/SEAL-master/CMakeFiles/CMakeTmp/src.cxx:7:17: error: ‘memset_s’ was not declared in this scope
         int r = memset_s(str, sizeof(str), 'a', 5);
                 ^~~~~~~~
/home/wonderwoman/desktop/SEAL_N/SEAL-master/CMakeFiles/CMakeTmp/src.cxx:7:17: note: suggested alternative: ‘memset’
         int r = memset_s(str, sizeof(str), 'a', 5);
                 ^~~~~~~~
                 memset
CMakeFiles/cmTC_d64b6.dir/build.make:65: recipe for target 'CMakeFiles/cmTC_d64b6.dir/src.cxx.o' failed
make[1]: *** [CMakeFiles/cmTC_d64b6.dir/src.cxx.o] Error 1
make[1]: Leaving directory '/mnt/c/Users/npkal/Desktop/SEAL_N/SEAL-master/CMakeFiles/CMakeTmp'
Makefile:121: recipe for target 'cmTC_d64b6/fast' failed
make: *** [cmTC_d64b6/fast] Error 2


...and run output:

Return value: 1
Source file was:

    #define __STDC_WANT_LIB_EXT1__ 1
    #include <string.h>
    int main(void)
    {
        char str[] = "ghghghghghghghghghghgh";
        int r = memset_s(str, sizeof(str), 'a', 5);
        return r;
    }
Performing C++ SOURCE FILE Test USE_STD_FOR_EACH_N failed with the following output:
Change Dir: /home/wonderwoman/desktop/SEAL_N/SEAL-master/CMakeFiles/CMakeTmp

Run Build Command(s):/usr/bin/make cmTC_01b8b/fast && /usr/bin/make -f CMakeFiles/cmTC_01b8b.dir/build.make CMakeFiles/cmTC_01b8b.dir/build
make[1]: Entering directory '/mnt/c/Users/npkal/Desktop/SEAL_N/SEAL-master/CMakeFiles/CMakeTmp'
Building CXX object CMakeFiles/cmTC_01b8b.dir/src.cxx.o
/usr/bin/c++    -DUSE_STD_FOR_EACH_N  -O0 -std=c++17 -fPIE   -o CMakeFiles/cmTC_01b8b.dir/src.cxx.o -c /home/wonderwoman/desktop/SEAL_N/SEAL-master/CMakeFiles/CMakeTmp/src.cxx
/home/wonderwoman/desktop/SEAL_N/SEAL-master/CMakeFiles/CMakeTmp/src.cxx: In function ‘int main()’:
/home/wonderwoman/desktop/SEAL_N/SEAL-master/CMakeFiles/CMakeTmp/src.cxx:5:42: error: ‘for_each_n’ is not a member of ‘std’
                 volatile auto fun = std::for_each_n(a, 1, [](auto b) {});
                                          ^~~~~~~~~~
/home/wonderwoman/desktop/SEAL_N/SEAL-master/CMakeFiles/CMakeTmp/src.cxx:5:42: note: suggested alternative: ‘for_each’
                 volatile auto fun = std::for_each_n(a, 1, [](auto b) {});
                                          ^~~~~~~~~~
                                          for_each
CMakeFiles/cmTC_01b8b.dir/build.make:65: recipe for target 'CMakeFiles/cmTC_01b8b.dir/src.cxx.o' failed
make[1]: *** [CMakeFiles/cmTC_01b8b.dir/src.cxx.o] Error 1
make[1]: Leaving directory '/mnt/c/Users/npkal/Desktop/SEAL_N/SEAL-master/CMakeFiles/CMakeTmp'
Makefile:121: recipe for target 'cmTC_01b8b/fast' failed
make: *** [cmTC_01b8b/fast] Error 2


Source file was:

            #include <algorithm>
            int main() {
                int a[1]{ 0 };
                volatile auto fun = std::for_each_n(a, 1, [](auto b) {});
                return 0;
            }
Performing C++ SOURCE FILE Test USE_MEMSET_S failed with the following output:
Change Dir: /home/wonderwoman/desktop/SEAL_N/SEAL-master/CMakeFiles/CMakeTmp

Run Build Command(s):/usr/bin/make cmTC_1eb61/fast && /usr/bin/make -f CMakeFiles/cmTC_1eb61.dir/build.make CMakeFiles/cmTC_1eb61.dir/build
make[1]: Entering directory '/mnt/c/Users/npkal/Desktop/SEAL_N/SEAL-master/CMakeFiles/CMakeTmp'
Building CXX object CMakeFiles/cmTC_1eb61.dir/src.cxx.o
/usr/bin/c++    -DUSE_MEMSET_S -fPIE   -o CMakeFiles/cmTC_1eb61.dir/src.cxx.o -c /home/wonderwoman/desktop/SEAL_N/SEAL-master/CMakeFiles/CMakeTmp/src.cxx
/home/wonderwoman/desktop/SEAL_N/SEAL-master/CMakeFiles/CMakeTmp/src.cxx: In function ‘int main()’:
/home/wonderwoman/desktop/SEAL_N/SEAL-master/CMakeFiles/CMakeTmp/src.cxx:7:17: error: ‘memset_s’ was not declared in this scope
         int r = memset_s(str, sizeof(str), 'a', 5);
                 ^~~~~~~~
/home/wonderwoman/desktop/SEAL_N/SEAL-master/CMakeFiles/CMakeTmp/src.cxx:7:17: note: suggested alternative: ‘memset’
         int r = memset_s(str, sizeof(str), 'a', 5);
                 ^~~~~~~~
                 memset
CMakeFiles/cmTC_1eb61.dir/build.make:65: recipe for target 'CMakeFiles/cmTC_1eb61.dir/src.cxx.o' failed
make[1]: *** [CMakeFiles/cmTC_1eb61.dir/src.cxx.o] Error 1
make[1]: Leaving directory '/mnt/c/Users/npkal/Desktop/SEAL_N/SEAL-master/CMakeFiles/CMakeTmp'
Makefile:121: recipe for target 'cmTC_1eb61/fast' failed
make: *** [cmTC_1eb61/fast] Error 2


...and run output:

Return value: 1
Source file was:

    #define __STDC_WANT_LIB_EXT1__ 1
    #include <string.h>
    int main(void)
    {
        char str[] = "ghghghghghghghghghghgh";
        int r = memset_s(str, sizeof(str), 'a', 5);
        return r;
    }
Performing C++ SOURCE FILE Test USE_STD_FOR_EACH_N failed with the following output:
Change Dir: /home/wonderwoman/desktop/SEAL_N/SEAL-master/CMakeFiles/CMakeTmp

Run Build Command(s):/usr/bin/make cmTC_3ce0f/fast && /usr/bin/make -f CMakeFiles/cmTC_3ce0f.dir/build.make CMakeFiles/cmTC_3ce0f.dir/build
make[1]: Entering directory '/mnt/c/Users/npkal/Desktop/SEAL_N/SEAL-master/CMakeFiles/CMakeTmp'
Building CXX object CMakeFiles/cmTC_3ce0f.dir/src.cxx.o
/usr/bin/c++    -DUSE_STD_FOR_EACH_N  -O0 -std=c++17 -fPIE   -o CMakeFiles/cmTC_3ce0f.dir/src.cxx.o -c /home/wonderwoman/desktop/SEAL_N/SEAL-master/CMakeFiles/CMakeTmp/src.cxx
/home/wonderwoman/desktop/SEAL_N/SEAL-master/CMakeFiles/CMakeTmp/src.cxx: In function ‘int main()’:
/home/wonderwoman/desktop/SEAL_N/SEAL-master/CMakeFiles/CMakeTmp/src.cxx:5:42: error: ‘for_each_n’ is not a member of ‘std’
                 volatile auto fun = std::for_each_n(a, 1, [](auto b) {});
                                          ^~~~~~~~~~
/home/wonderwoman/desktop/SEAL_N/SEAL-master/CMakeFiles/CMakeTmp/src.cxx:5:42: note: suggested alternative: ‘for_each’
                 volatile auto fun = std::for_each_n(a, 1, [](auto b) {});
                                          ^~~~~~~~~~
                                          for_each
CMakeFiles/cmTC_3ce0f.dir/build.make:65: recipe for target 'CMakeFiles/cmTC_3ce0f.dir/src.cxx.o' failed
make[1]: *** [CMakeFiles/cmTC_3ce0f.dir/src.cxx.o] Error 1
make[1]: Leaving directory '/mnt/c/Users/npkal/Desktop/SEAL_N/SEAL-master/CMakeFiles/CMakeTmp'
Makefile:121: recipe for target 'cmTC_3ce0f/fast' failed
make: *** [cmTC_3ce0f/fast] Error 2


Source file was:

            #include <algorithm>
            int main() {
                int a[1]{ 0 };
                volatile auto fun = std::for_each_n(a, 1, [](auto b) {});
                return 0;
            }
Performing C++ SOURCE FILE Test USE_MEMSET_S failed with the following output:
Change Dir: /home/wonderwoman/desktop/SEAL_N/SEAL-master/CMakeFiles/CMakeTmp

Run Build Command(s):/usr/bin/make cmTC_b96d3/fast && /usr/bin/make -f CMakeFiles/cmTC_b96d3.dir/build.make CMakeFiles/cmTC_b96d3.dir/build
make[1]: Entering directory '/mnt/c/Users/npkal/Desktop/SEAL_N/SEAL-master/CMakeFiles/CMakeTmp'
Building CXX object CMakeFiles/cmTC_b96d3.dir/src.cxx.o
/usr/bin/c++    -DUSE_MEMSET_S -fPIE   -o CMakeFiles/cmTC_b96d3.dir/src.cxx.o -c /home/wonderwoman/desktop/SEAL_N/SEAL-master/CMakeFiles/CMakeTmp/src.cxx
/home/wonderwoman/desktop/SEAL_N/SEAL-master/CMakeFiles/CMakeTmp/src.cxx: In function ‘int main()’:
/home/wonderwoman/desktop/SEAL_N/SEAL-master/CMakeFiles/CMakeTmp/src.cxx:7:17: error: ‘memset_s’ was not declared in this scope
         int r = memset_s(str, sizeof(str), 'a', 5);
                 ^~~~~~~~
/home/wonderwoman/desktop/SEAL_N/SEAL-master/CMakeFiles/CMakeTmp/src.cxx:7:17: note: suggested alternative: ‘memset’
         int r = memset_s(str, sizeof(str), 'a', 5);
                 ^~~~~~~~
                 memset
CMakeFiles/cmTC_b96d3.dir/build.make:65: recipe for target 'CMakeFiles/cmTC_b96d3.dir/src.cxx.o' failed
make[1]: *** [CMakeFiles/cmTC_b96d3.dir/src.cxx.o] Error 1
make[1]: Leaving directory '/mnt/c/Users/npkal/Desktop/SEAL_N/SEAL-master/CMakeFiles/CMakeTmp'
Makefile:121: recipe for target 'cmTC_b96d3/fast' failed
make: *** [cmTC_b96d3/fast] Error 2


...and run output:

Return value: 1
Source file was:

    #define __STDC_WANT_LIB_EXT1__ 1
    #include <string.h>
    int main(void)
    {
        char str[] = "ghghghghghghghghghghgh";
        int r = memset_s(str, sizeof(str), 'a', 5);
        return r;
    }
Performing C++ SOURCE FILE Test USE_STD_FOR_EACH_N failed with the following output:
Change Dir: /home/wonderwoman/desktop/SEAL_N/SEAL-master/CMakeFiles/CMakeTmp

Run Build Command(s):/usr/bin/make cmTC_d885a/fast && /usr/bin/make -f CMakeFiles/cmTC_d885a.dir/build.make CMakeFiles/cmTC_d885a.dir/build
make[1]: Entering directory '/mnt/c/Users/npkal/Desktop/SEAL_N/SEAL-master/CMakeFiles/CMakeTmp'
Building CXX object CMakeFiles/cmTC_d885a.dir/src.cxx.o
/usr/bin/c++    -DUSE_STD_FOR_EACH_N  -O0 -std=c++17 -fPIE   -o CMakeFiles/cmTC_d885a.dir/src.cxx.o -c /home/wonderwoman/desktop/SEAL_N/SEAL-master/CMakeFiles/CMakeTmp/src.cxx
/home/wonderwoman/desktop/SEAL_N/SEAL-master/CMakeFiles/CMakeTmp/src.cxx: In function ‘int main()’:
/home/wonderwoman/desktop/SEAL_N/SEAL-master/CMakeFiles/CMakeTmp/src.cxx:5:42: error: ‘for_each_n’ is not a member of ‘std’
                 volatile auto fun = std::for_each_n(a, 1, [](auto b) {});
                                          ^~~~~~~~~~
/home/wonderwoman/desktop/SEAL_N/SEAL-master/CMakeFiles/CMakeTmp/src.cxx:5:42: note: suggested alternative: ‘for_each’
                 volatile auto fun = std::for_each_n(a, 1, [](auto b) {});
                                          ^~~~~~~~~~
                                          for_each
CMakeFiles/cmTC_d885a.dir/build.make:65: recipe for target 'CMakeFiles/cmTC_d885a.dir/src.cxx.o' failed
make[1]: *** [CMakeFiles/cmTC_d885a.dir/src.cxx.o] Error 1
make[1]: Leaving directory '/mnt/c/Users/npkal/Desktop/SEAL_N/SEAL-master/CMakeFiles/CMakeTmp'
Makefile:121: recipe for target 'cmTC_d885a/fast' failed
make: *** [cmTC_d885a/fast] Error 2


Source file was:

            #include <algorithm>
            int main() {
                int a[1]{ 0 };
                volatile auto fun = std::for_each_n(a, 1, [](auto b) {});
                return 0;
            }
Performing C++ SOURCE FILE Test USE_MEMSET_S failed with the following output:
Change Dir: /home/wonderwoman/desktop/SEAL_N/SEAL-master/CMakeFiles/CMakeTmp

Run Build Command(s):/usr/bin/make cmTC_dc9dc/fast && /usr/bin/make -f CMakeFiles/cmTC_dc9dc.dir/build.make CMakeFiles/cmTC_dc9dc.dir/build
make[1]: Entering directory '/mnt/c/Users/npkal/Desktop/SEAL_N/SEAL-master/CMakeFiles/CMakeTmp'
Building CXX object CMakeFiles/cmTC_dc9dc.dir/src.cxx.o
/usr/bin/c++    -DUSE_MEMSET_S -fPIE   -o CMakeFiles/cmTC_dc9dc.dir/src.cxx.o -c /home/wonderwoman/desktop/SEAL_N/SEAL-master/CMakeFiles/CMakeTmp/src.cxx
/home/wonderwoman/desktop/SEAL_N/SEAL-master/CMakeFiles/CMakeTmp/src.cxx: In function ‘int main()’:
/home/wonderwoman/desktop/SEAL_N/SEAL-master/CMakeFiles/CMakeTmp/src.cxx:7:17: error: ‘memset_s’ was not declared in this scope
         int r = memset_s(str, sizeof(str), 'a', 5);
                 ^~~~~~~~
/home/wonderwoman/desktop/SEAL_N/SEAL-master/CMakeFiles/CMakeTmp/src.cxx:7:17: note: suggested alternative: ‘memset’
         int r = memset_s(str, sizeof(str), 'a', 5);
                 ^~~~~~~~
                 memset
CMakeFiles/cmTC_dc9dc.dir/build.make:65: recipe for target 'CMakeFiles/cmTC_dc9dc.dir/src.cxx.o' failed
make[1]: *** [CMakeFiles/cmTC_dc9dc.dir/src.cxx.o] Error 1
make[1]: Leaving directory '/mnt/c/Users/npkal/Desktop/SEAL_N/SEAL-master/CMakeFiles/CMakeTmp'
Makefile:121: recipe for target 'cmTC_dc9dc/fast' failed
make: *** [cmTC_dc9dc/fast] Error 2


...and run output:

Return value: 1
Source file was:

    #define __STDC_WANT_LIB_EXT1__ 1
    #include <string.h>
    int main(void)
    {
        char str[] = "ghghghghghghghghghghgh";
        int r = memset_s(str, sizeof(str), 'a', 5);
        return r;
    }
Performing C++ SOURCE FILE Test USE_STD_FOR_EACH_N failed with the following output:
Change Dir: /home/wonderwoman/desktop/SEAL_N/SEAL-master/CMakeFiles/CMakeTmp

Run Build Command(s):/usr/bin/make cmTC_34266/fast && /usr/bin/make -f CMakeFiles/cmTC_34266.dir/build.make CMakeFiles/cmTC_34266.dir/build
make[1]: Entering directory '/mnt/c/Users/npkal/Desktop/SEAL_N/SEAL-master/CMakeFiles/CMakeTmp'
Building CXX object CMakeFiles/cmTC_34266.dir/src.cxx.o
/usr/bin/c++    -DUSE_STD_FOR_EACH_N  -O0 -std=c++17 -fPIE   -o CMakeFiles/cmTC_34266.dir/src.cxx.o -c /home/wonderwoman/desktop/SEAL_N/SEAL-master/CMakeFiles/CMakeTmp/src.cxx
/home/wonderwoman/desktop/SEAL_N/SEAL-master/CMakeFiles/CMakeTmp/src.cxx: In function ‘int main()’:
/home/wonderwoman/desktop/SEAL_N/SEAL-master/CMakeFiles/CMakeTmp/src.cxx:5:42: error: ‘for_each_n’ is not a member of ‘std’
                 volatile auto fun = std::for_each_n(a, 1, [](auto b) {});
                                          ^~~~~~~~~~
/home/wonderwoman/desktop/SEAL_N/SEAL-master/CMakeFiles/CMakeTmp/src.cxx:5:42: note: suggested alternative: ‘for_each’
                 volatile auto fun = std::for_each_n(a, 1, [](auto b) {});
                                          ^~~~~~~~~~
                                          for_each
CMakeFiles/cmTC_34266.dir/build.make:65: recipe for target 'CMakeFiles/cmTC_34266.dir/src.cxx.o' failed
make[1]: *** [CMakeFiles/cmTC_34266.dir/src.cxx.o] Error 1
make[1]: Leaving directory '/mnt/c/Users/npkal/Desktop/SEAL_N/SEAL-master/CMakeFiles/CMakeTmp'
Makefile:121: recipe for target 'cmTC_34266/fast' failed
make: *** [cmTC_34266/fast] Error 2


Source file was:

            #include <algorithm>
            int main() {
                int a[1]{ 0 };
                volatile auto fun = std::for_each_n(a, 1, [](auto b) {});
                return 0;
            }
Performing C++ SOURCE FILE Test USE_MEMSET_S failed with the following output:
Change Dir: /home/wonderwoman/desktop/SEAL_N/SEAL-master/CMakeFiles/CMakeTmp

Run Build Command(s):/usr/bin/make cmTC_e1512/fast && /usr/bin/make -f CMakeFiles/cmTC_e1512.dir/build.make CMakeFiles/cmTC_e1512.dir/build
make[1]: Entering directory '/mnt/c/Users/npkal/Desktop/SEAL_N/SEAL-master/CMakeFiles/CMakeTmp'
Building CXX object CMakeFiles/cmTC_e1512.dir/src.cxx.o
/usr/bin/c++    -DUSE_MEMSET_S -fPIE   -o CMakeFiles/cmTC_e1512.dir/src.cxx.o -c /home/wonderwoman/desktop/SEAL_N/SEAL-master/CMakeFiles/CMakeTmp/src.cxx
/home/wonderwoman/desktop/SEAL_N/SEAL-master/CMakeFiles/CMakeTmp/src.cxx: In function ‘int main()’:
/home/wonderwoman/desktop/SEAL_N/SEAL-master/CMakeFiles/CMakeTmp/src.cxx:7:17: error: ‘memset_s’ was not declared in this scope
         int r = memset_s(str, sizeof(str), 'a', 5);
                 ^~~~~~~~
/home/wonderwoman/desktop/SEAL_N/SEAL-master/CMakeFiles/CMakeTmp/src.cxx:7:17: note: suggested alternative: ‘memset’
         int r = memset_s(str, sizeof(str), 'a', 5);
                 ^~~~~~~~
                 memset
CMakeFiles/cmTC_e1512.dir/build.make:65: recipe for target 'CMakeFiles/cmTC_e1512.dir/src.cxx.o' failed
make[1]: *** [CMakeFiles/cmTC_e1512.dir/src.cxx.o] Error 1
make[1]: Leaving directory '/mnt/c/Users/npkal/Desktop/SEAL_N/SEAL-master/CMakeFiles/CMakeTmp'
Makefile:121: recipe for target 'cmTC_e1512/fast' failed
make: *** [cmTC_e1512/fast] Error 2


...and run output:

Return value: 1
Source file was:

    #define __STDC_WANT_LIB_EXT1__ 1
    #include <string.h>
    int main(void)
    {
        char str[] = "ghghghghghghghghghghgh";
        int r = memset_s(str, sizeof(str), 'a', 5);
        return r;
    }
Performing C++ SOURCE FILE Test USE_STD_FOR_EACH_N failed with the following output:
Change Dir: /home/wonderwoman/desktop/SEAL_N/SEAL-master/CMakeFiles/CMakeTmp

Run Build Command(s):/usr/bin/make cmTC_085e2/fast && /usr/bin/make -f CMakeFiles/cmTC_085e2.dir/build.make CMakeFiles/cmTC_085e2.dir/build
make[1]: Entering directory '/mnt/c/Users/npkal/Desktop/SEAL_N/SEAL-master/CMakeFiles/CMakeTmp'
Building CXX object CMakeFiles/cmTC_085e2.dir/src.cxx.o
/usr/bin/c++    -DUSE_STD_FOR_EACH_N  -O0 -std=c++17 -fPIE   -o CMakeFiles/cmTC_085e2.dir/src.cxx.o -c /home/wonderwoman/desktop/SEAL_N/SEAL-master/CMakeFiles/CMakeTmp/src.cxx
/home/wonderwoman/desktop/SEAL_N/SEAL-master/CMakeFiles/CMakeTmp/src.cxx: In function ‘int main()’:
/home/wonderwoman/desktop/SEAL_N/SEAL-master/CMakeFiles/CMakeTmp/src.cxx:5:42: error: ‘for_each_n’ is not a member of ‘std’
                 volatile auto fun = std::for_each_n(a, 1, [](auto b) {});
                                          ^~~~~~~~~~
/home/wonderwoman/desktop/SEAL_N/SEAL-master/CMakeFiles/CMakeTmp/src.cxx:5:42: note: suggested alternative: ‘for_each’
                 volatile auto fun = std::for_each_n(a, 1, [](auto b) {});
                                          ^~~~~~~~~~
                                          for_each
CMakeFiles/cmTC_085e2.dir/build.make:65: recipe for target 'CMakeFiles/cmTC_085e2.dir/src.cxx.o' failed
make[1]: *** [CMakeFiles/cmTC_085e2.dir/src.cxx.o] Error 1
make[1]: Leaving directory '/mnt/c/Users/npkal/Desktop/SEAL_N/SEAL-master/CMakeFiles/CMakeTmp'
Makefile:121: recipe for target 'cmTC_085e2/fast' failed
make: *** [cmTC_085e2/fast] Error 2


Source file was:

            #include <algorithm>
            int main() {
                int a[1]{ 0 };
                volatile auto fun = std::for_each_n(a, 1, [](auto b) {});
                return 0;
            }
Performing C++ SOURCE FILE Test USE_MEMSET_S failed with the following output:
Change Dir: /home/wonderwoman/desktop/SEAL_N/SEAL-master/CMakeFiles/CMakeTmp

Run Build Command(s):/usr/bin/make cmTC_4d650/fast && /usr/bin/make -f CMakeFiles/cmTC_4d650.dir/build.make CMakeFiles/cmTC_4d650.dir/build
make[1]: Entering directory '/mnt/c/Users/npkal/Desktop/SEAL_N/SEAL-master/CMakeFiles/CMakeTmp'
Building CXX object CMakeFiles/cmTC_4d650.dir/src.cxx.o
/usr/bin/c++    -DUSE_MEMSET_S -fPIE   -o CMakeFiles/cmTC_4d650.dir/src.cxx.o -c /home/wonderwoman/desktop/SEAL_N/SEAL-master/CMakeFiles/CMakeTmp/src.cxx
/home/wonderwoman/desktop/SEAL_N/SEAL-master/CMakeFiles/CMakeTmp/src.cxx: In function ‘int main()’:
/home/wonderwoman/desktop/SEAL_N/SEAL-master/CMakeFiles/CMakeTmp/src.cxx:7:17: error: ‘memset_s’ was not declared in this scope
         int r = memset_s(str, sizeof(str), 'a', 5);
                 ^~~~~~~~
/home/wonderwoman/desktop/SEAL_N/SEAL-master/CMakeFiles/CMakeTmp/src.cxx:7:17: note: suggested alternative: ‘memset’
         int r = memset_s(str, sizeof(str), 'a', 5);
                 ^~~~~~~~
                 memset
CMakeFiles/cmTC_4d650.dir/build.make:65: recipe for target 'CMakeFiles/cmTC_4d650.dir/src.cxx.o' failed
make[1]: *** [CMakeFiles/cmTC_4d650.dir/src.cxx.o] Error 1
make[1]: Leaving directory '/mnt/c/Users/npkal/Desktop/SEAL_N/SEAL-master/CMakeFiles/CMakeTmp'
Makefile:121: recipe for target 'cmTC_4d650/fast' failed
make: *** [cmTC_4d650/fast] Error 2


...and run output:

Return value: 1
Source file was:

    #define __STDC_WANT_LIB_EXT1__ 1
    #include <string.h>
    int main(void)
    {
        char str[] = "ghghghghghghghghghghgh";
        int r = memset_s(str, sizeof(str), 'a', 5);
        return r;
    }
Performing C++ SOURCE FILE Test USE_STD_FOR_EACH_N failed with the following output:
Change Dir: /home/wonderwoman/desktop/SEAL_N/SEAL-master/CMakeFiles/CMakeTmp

Run Build Command(s):/usr/bin/make cmTC_9cea2/fast && /usr/bin/make -f CMakeFiles/cmTC_9cea2.dir/build.make CMakeFiles/cmTC_9cea2.dir/build
make[1]: Entering directory '/mnt/c/Users/npkal/Desktop/SEAL_N/SEAL-master/CMakeFiles/CMakeTmp'
Building CXX object CMakeFiles/cmTC_9cea2.dir/src.cxx.o
/usr/bin/c++    -DUSE_STD_FOR_EACH_N  -O0 -std=c++17 -fPIE   -o CMakeFiles/cmTC_9cea2.dir/src.cxx.o -c /home/wonderwoman/desktop/SEAL_N/SEAL-master/CMakeFiles/CMakeTmp/src.cxx
/home/wonderwoman/desktop/SEAL_N/SEAL-master/CMakeFiles/CMakeTmp/src.cxx: In function ‘int main()’:
/home/wonderwoman/desktop/SEAL_N/SEAL-master/CMakeFiles/CMakeTmp/src.cxx:5:42: error: ‘for_each_n’ is not a member of ‘std’
                 volatile auto fun = std::for_each_n(a, 1, [](auto b) {});
                                          ^~~~~~~~~~
/home/wonderwoman/desktop/SEAL_N/SEAL-master/CMakeFiles/CMakeTmp/src.cxx:5:42: note: suggested alternative: ‘for_each’
                 volatile auto fun = std::for_each_n(a, 1, [](auto b) {});
                                          ^~~~~~~~~~
                                          for_each
CMakeFiles/cmTC_9cea2.dir/build.make:65: recipe for target 'CMakeFiles/cmTC_9cea2.dir/src.cxx.o' failed
make[1]: *** [CMakeFiles/cmTC_9cea2.dir/src.cxx.o] Error 1
make[1]: Leaving directory '/mnt/c/Users/npkal/Desktop/SEAL_N/SEAL-master/CMakeFiles/CMakeTmp'
Makefile:121: recipe for target 'cmTC_9cea2/fast' failed
make: *** [cmTC_9cea2/fast] Error 2


Source file was:

            #include <algorithm>
            int main() {
                int a[1]{ 0 };
                volatile auto fun = std::for_each_n(a, 1, [](auto b) {});
                return 0;
            }
Performing C++ SOURCE FILE Test USE_MEMSET_S failed with the following output:
Change Dir: /home/wonderwoman/desktop/SEAL_N/SEAL-master/CMakeFiles/CMakeTmp

Run Build Command(s):/usr/bin/make cmTC_d820b/fast && /usr/bin/make -f CMakeFiles/cmTC_d820b.dir/build.make CMakeFiles/cmTC_d820b.dir/build
make[1]: Entering directory '/mnt/c/Users/npkal/Desktop/SEAL_N/SEAL-master/CMakeFiles/CMakeTmp'
Building CXX object CMakeFiles/cmTC_d820b.dir/src.cxx.o
/usr/bin/c++    -DUSE_MEMSET_S -fPIE   -o CMakeFiles/cmTC_d820b.dir/src.cxx.o -c /home/wonderwoman/desktop/SEAL_N/SEAL-master/CMakeFiles/CMakeTmp/src.cxx
/home/wonderwoman/desktop/SEAL_N/SEAL-master/CMakeFiles/CMakeTmp/src.cxx: In function ‘int main()’:
/home/wonderwoman/desktop/SEAL_N/SEAL-master/CMakeFiles/CMakeTmp/src.cxx:7:17: error: ‘memset_s’ was not declared in this scope
         int r = memset_s(str, sizeof(str), 'a', 5);
                 ^~~~~~~~
/home/wonderwoman/desktop/SEAL_N/SEAL-master/CMakeFiles/CMakeTmp/src.cxx:7:17: note: suggested alternative: ‘memset’
         int r = memset_s(str, sizeof(str), 'a', 5);
                 ^~~~~~~~
                 memset
CMakeFiles/cmTC_d820b.dir/build.make:65: recipe for target 'CMakeFiles/cmTC_d820b.dir/src.cxx.o' failed
make[1]: *** [CMakeFiles/cmTC_d820b.dir/src.cxx.o] Error 1
make[1]: Leaving directory '/mnt/c/Users/npkal/Desktop/SEAL_N/SEAL-master/CMakeFiles/CMakeTmp'
Makefile:121: recipe for target 'cmTC_d820b/fast' failed
make: *** [cmTC_d820b/fast] Error 2


...and run output:

Return value: 1
Source file was:

    #define __STDC_WANT_LIB_EXT1__ 1
    #include <string.h>
    int main(void)
    {
        char str[] = "ghghghghghghghghghghgh";
        int r = memset_s(str, sizeof(str), 'a', 5);
        return r;
    }
Performing C++ SOURCE FILE Test USE_STD_FOR_EACH_N failed with the following output:
Change Dir: /home/wonderwoman/desktop/SEAL_N/SEAL-master/CMakeFiles/CMakeTmp

Run Build Command(s):/usr/bin/make cmTC_277b4/fast && /usr/bin/make -f CMakeFiles/cmTC_277b4.dir/build.make CMakeFiles/cmTC_277b4.dir/build
make[1]: Entering directory '/mnt/c/Users/npkal/Desktop/SEAL_N/SEAL-master/CMakeFiles/CMakeTmp'
Building CXX object CMakeFiles/cmTC_277b4.dir/src.cxx.o
/usr/bin/c++    -DUSE_STD_FOR_EACH_N  -O0 -std=c++17 -fPIE   -o CMakeFiles/cmTC_277b4.dir/src.cxx.o -c /home/wonderwoman/desktop/SEAL_N/SEAL-master/CMakeFiles/CMakeTmp/src.cxx
/home/wonderwoman/desktop/SEAL_N/SEAL-master/CMakeFiles/CMakeTmp/src.cxx: In function ‘int main()’:
/home/wonderwoman/desktop/SEAL_N/SEAL-master/CMakeFiles/CMakeTmp/src.cxx:5:42: error: ‘for_each_n’ is not a member of ‘std’
                 volatile auto fun = std::for_each_n(a, 1, [](auto b) {});
                                          ^~~~~~~~~~
/home/wonderwoman/desktop/SEAL_N/SEAL-master/CMakeFiles/CMakeTmp/src.cxx:5:42: note: suggested alternative: ‘for_each’
                 volatile auto fun = std::for_each_n(a, 1, [](auto b) {});
                                          ^~~~~~~~~~
                                          for_each
CMakeFiles/cmTC_277b4.dir/build.make:65: recipe for target 'CMakeFiles/cmTC_277b4.dir/src.cxx.o' failed
make[1]: *** [CMakeFiles/cmTC_277b4.dir/src.cxx.o] Error 1
make[1]: Leaving directory '/mnt/c/Users/npkal/Desktop/SEAL_N/SEAL-master/CMakeFiles/CMakeTmp'
Makefile:121: recipe for target 'cmTC_277b4/fast' failed
make: *** [cmTC_277b4/fast] Error 2


Source file was:

            #include <algorithm>
            int main() {
                int a[1]{ 0 };
                volatile auto fun = std::for_each_n(a, 1, [](auto b) {});
                return 0;
            }
Performing C++ SOURCE FILE Test USE_MEMSET_S failed with the following output:
Change Dir: /home/wonderwoman/desktop/SEAL_N/SEAL-master/CMakeFiles/CMakeTmp

Run Build Command(s):/usr/bin/make cmTC_73b59/fast && /usr/bin/make -f CMakeFiles/cmTC_73b59.dir/build.make CMakeFiles/cmTC_73b59.dir/build
make[1]: Entering directory '/mnt/c/Users/npkal/Desktop/SEAL_N/SEAL-master/CMakeFiles/CMakeTmp'
Building CXX object CMakeFiles/cmTC_73b59.dir/src.cxx.o
/usr/bin/c++    -DUSE_MEMSET_S -fPIE   -o CMakeFiles/cmTC_73b59.dir/src.cxx.o -c /home/wonderwoman/desktop/SEAL_N/SEAL-master/CMakeFiles/CMakeTmp/src.cxx
/home/wonderwoman/desktop/SEAL_N/SEAL-master/CMakeFiles/CMakeTmp/src.cxx: In function ‘int main()’:
/home/wonderwoman/desktop/SEAL_N/SEAL-master/CMakeFiles/CMakeTmp/src.cxx:7:17: error: ‘memset_s’ was not declared in this scope
         int r = memset_s(str, sizeof(str), 'a', 5);
                 ^~~~~~~~
/home/wonderwoman/desktop/SEAL_N/SEAL-master/CMakeFiles/CMakeTmp/src.cxx:7:17: note: suggested alternative: ‘memset’
         int r = memset_s(str, sizeof(str), 'a', 5);
                 ^~~~~~~~
                 memset
CMakeFiles/cmTC_73b59.dir/build.make:65: recipe for target 'CMakeFiles/cmTC_73b59.dir/src.cxx.o' failed
make[1]: *** [CMakeFiles/cmTC_73b59.dir/src.cxx.o] Error 1
make[1]: Leaving directory '/mnt/c/Users/npkal/Desktop/SEAL_N/SEAL-master/CMakeFiles/CMakeTmp'
Makefile:121: recipe for target 'cmTC_73b59/fast' failed
make: *** [cmTC_73b59/fast] Error 2


...and run output:

Return value: 1
Source file was:

    #define __STDC_WANT_LIB_EXT1__ 1
    #include <string.h>
    int main(void)
    {
        char str[] = "ghghghghghghghghghghgh";
        int r = memset_s(str, sizeof(str), 'a', 5);
        return r;
    }
Performing C++ SOURCE FILE Test USE_STD_FOR_EACH_N failed with the following output:
Change Dir: /home/wonderwoman/desktop/SEAL_N/SEAL-master/CMakeFiles/CMakeTmp

Run Build Command(s):/usr/bin/make cmTC_7c3d9/fast && /usr/bin/make -f CMakeFiles/cmTC_7c3d9.dir/build.make CMakeFiles/cmTC_7c3d9.dir/build
make[1]: Entering directory '/mnt/c/Users/npkal/Desktop/SEAL_N/SEAL-master/CMakeFiles/CMakeTmp'
Building CXX object CMakeFiles/cmTC_7c3d9.dir/src.cxx.o
/usr/bin/c++    -DUSE_STD_FOR_EACH_N  -O0 -std=c++17 -fPIE   -o CMakeFiles/cmTC_7c3d9.dir/src.cxx.o -c /home/wonderwoman/desktop/SEAL_N/SEAL-master/CMakeFiles/CMakeTmp/src.cxx
/home/wonderwoman/desktop/SEAL_N/SEAL-master/CMakeFiles/CMakeTmp/src.cxx: In function ‘int main()’:
/home/wonderwoman/desktop/SEAL_N/SEAL-master/CMakeFiles/CMakeTmp/src.cxx:5:42: error: ‘for_each_n’ is not a member of ‘std’
                 volatile auto fun = std::for_each_n(a, 1, [](auto b) {});
                                          ^~~~~~~~~~
/home/wonderwoman/desktop/SEAL_N/SEAL-master/CMakeFiles/CMakeTmp/src.cxx:5:42: note: suggested alternative: ‘for_each’
                 volatile auto fun = std::for_each_n(a, 1, [](auto b) {});
                                          ^~~~~~~~~~
                                          for_each
CMakeFiles/cmTC_7c3d9.dir/build.make:65: recipe for target 'CMakeFiles/cmTC_7c3d9.dir/src.cxx.o' failed
make[1]: *** [CMakeFiles/cmTC_7c3d9.dir/src.cxx.o] Error 1
make[1]: Leaving directory '/mnt/c/Users/npkal/Desktop/SEAL_N/SEAL-master/CMakeFiles/CMakeTmp'
Makefile:121: recipe for target 'cmTC_7c3d9/fast' failed
make: *** [cmTC_7c3d9/fast] Error 2


Source file was:

            #include <algorithm>
            int main() {
                int a[1]{ 0 };
                volatile auto fun = std::for_each_n(a, 1, [](auto b) {});
                return 0;
            }
Performing C++ SOURCE FILE Test USE_MEMSET_S failed with the following output:
Change Dir: /home/wonderwoman/desktop/SEAL_N/SEAL-master/CMakeFiles/CMakeTmp

Run Build Command(s):/usr/bin/make cmTC_7890a/fast && /usr/bin/make -f CMakeFiles/cmTC_7890a.dir/build.make CMakeFiles/cmTC_7890a.dir/build
make[1]: Entering directory '/mnt/c/Users/npkal/Desktop/SEAL_N/SEAL-master/CMakeFiles/CMakeTmp'
Building CXX object CMakeFiles/cmTC_7890a.dir/src.cxx.o
/usr/bin/c++    -DUSE_MEMSET_S -fPIE   -o CMakeFiles/cmTC_7890a.dir/src.cxx.o -c /home/wonderwoman/desktop/SEAL_N/SEAL-master/CMakeFiles/CMakeTmp/src.cxx
/home/wonderwoman/desktop/SEAL_N/SEAL-master/CMakeFiles/CMakeTmp/src.cxx: In function ‘int main()’:
/home/wonderwoman/desktop/SEAL_N/SEAL-master/CMakeFiles/CMakeTmp/src.cxx:7:17: error: ‘memset_s’ was not declared in this scope
         int r = memset_s(str, sizeof(str), 'a', 5);
                 ^~~~~~~~
/home/wonderwoman/desktop/SEAL_N/SEAL-master/CMakeFiles/CMakeTmp/src.cxx:7:17: note: suggested alternative: ‘memset’
         int r = memset_s(str, sizeof(str), 'a', 5);
                 ^~~~~~~~
                 memset
CMakeFiles/cmTC_7890a.dir/build.make:65: recipe for target 'CMakeFiles/cmTC_7890a.dir/src.cxx.o' failed
make[1]: *** [CMakeFiles/cmTC_7890a.dir/src.cxx.o] Error 1
make[1]: Leaving directory '/mnt/c/Users/npkal/Desktop/SEAL_N/SEAL-master/CMakeFiles/CMakeTmp'
Makefile:121: recipe for target 'cmTC_7890a/fast' failed
make: *** [cmTC_7890a/fast] Error 2


...and run output:

Return value: 1
Source file was:

    #define __STDC_WANT_LIB_EXT1__ 1
    #include <string.h>
    int main(void)
    {
        char str[] = "ghghghghghghghghghghgh";
        int r = memset_s(str, sizeof(str), 'a', 5);
        return r;
    }
Performing C++ SOURCE FILE Test USE_STD_FOR_EACH_N failed with the following output:
Change Dir: /home/wonderwoman/desktop/SEAL_N/SEAL-master/CMakeFiles/CMakeTmp

Run Build Command(s):/usr/bin/make cmTC_19b48/fast && /usr/bin/make -f CMakeFiles/cmTC_19b48.dir/build.make CMakeFiles/cmTC_19b48.dir/build
make[1]: Entering directory '/mnt/c/Users/npkal/Desktop/SEAL_N/SEAL-master/CMakeFiles/CMakeTmp'
Building CXX object CMakeFiles/cmTC_19b48.dir/src.cxx.o
/usr/bin/c++    -DUSE_STD_FOR_EACH_N  -O0 -std=c++17 -fPIE   -o CMakeFiles/cmTC_19b48.dir/src.cxx.o -c /home/wonderwoman/desktop/SEAL_N/SEAL-master/CMakeFiles/CMakeTmp/src.cxx
/home/wonderwoman/desktop/SEAL_N/SEAL-master/CMakeFiles/CMakeTmp/src.cxx: In function ‘int main()’:
/home/wonderwoman/desktop/SEAL_N/SEAL-master/CMakeFiles/CMakeTmp/src.cxx:5:42: error: ‘for_each_n’ is not a member of ‘std’
                 volatile auto fun = std::for_each_n(a, 1, [](auto b) {});
                                          ^~~~~~~~~~
/home/wonderwoman/desktop/SEAL_N/SEAL-master/CMakeFiles/CMakeTmp/src.cxx:5:42: note: suggested alternative: ‘for_each’
                 volatile auto fun = std::for_each_n(a, 1, [](auto b) {});
                                          ^~~~~~~~~~
                                          for_each
CMakeFiles/cmTC_19b48.dir/build.make:65: recipe for target 'CMakeFiles/cmTC_19b48.dir/src.cxx.o' failed
make[1]: *** [CMakeFiles/cmTC_19b48.dir/src.cxx.o] Error 1
make[1]: Leaving directory '/mnt/c/Users/npkal/Desktop/SEAL_N/SEAL-master/CMakeFiles/CMakeTmp'
Makefile:121: recipe for target 'cmTC_19b48/fast' failed
make: *** [cmTC_19b48/fast] Error 2


Source file was:

            #include <algorithm>
            int main() {
                int a[1]{ 0 };
                volatile auto fun = std::for_each_n(a, 1, [](auto b) {});
                return 0;
            }
Performing C++ SOURCE FILE Test USE_MEMSET_S failed with the following output:
Change Dir: /home/wonderwoman/desktop/SEAL_N/SEAL-master/CMakeFiles/CMakeTmp

Run Build Command(s):/usr/bin/make cmTC_3d99b/fast && /usr/bin/make -f CMakeFiles/cmTC_3d99b.dir/build.make CMakeFiles/cmTC_3d99b.dir/build
make[1]: Entering directory '/mnt/c/Users/npkal/Desktop/SEAL_N/SEAL-master/CMakeFiles/CMakeTmp'
Building CXX object CMakeFiles/cmTC_3d99b.dir/src.cxx.o
/usr/bin/c++    -DUSE_MEMSET_S -fPIE   -o CMakeFiles/cmTC_3d99b.dir/src.cxx.o -c /home/wonderwoman/desktop/SEAL_N/SEAL-master/CMakeFiles/CMakeTmp/src.cxx
/home/wonderwoman/desktop/SEAL_N/SEAL-master/CMakeFiles/CMakeTmp/src.cxx: In function ‘int main()’:
/home/wonderwoman/desktop/SEAL_N/SEAL-master/CMakeFiles/CMakeTmp/src.cxx:7:17: error: ‘memset_s’ was not declared in this scope
         int r = memset_s(str, sizeof(str), 'a', 5);
                 ^~~~~~~~
/home/wonderwoman/desktop/SEAL_N/SEAL-master/CMakeFiles/CMakeTmp/src.cxx:7:17: note: suggested alternative: ‘memset’
         int r = memset_s(str, sizeof(str), 'a', 5);
                 ^~~~~~~~
                 memset
CMakeFiles/cmTC_3d99b.dir/build.make:65: recipe for target 'CMakeFiles/cmTC_3d99b.dir/src.cxx.o' failed
make[1]: *** [CMakeFiles/cmTC_3d99b.dir/src.cxx.o] Error 1
make[1]: Leaving directory '/mnt/c/Users/npkal/Desktop/SEAL_N/SEAL-master/CMakeFiles/CMakeTmp'
Makefile:121: recipe for target 'cmTC_3d99b/fast' failed
make: *** [cmTC_3d99b/fast] Error 2


...and run output:

Return value: 1
Source file was:

    #define __STDC_WANT_LIB_EXT1__ 1
    #include <string.h>
    int main(void)
    {
        char str[] = "ghghghghghghghghghghgh";
        int r = memset_s(str, sizeof(str), 'a', 5);
        return r;
    }
Performing C++ SOURCE FILE Test USE_STD_FOR_EACH_N failed with the following output:
Change Dir: /home/wonderwoman/desktop/SEAL_N/SEAL-master/CMakeFiles/CMakeTmp

Run Build Command(s):/usr/bin/make cmTC_43ce4/fast && /usr/bin/make -f CMakeFiles/cmTC_43ce4.dir/build.make CMakeFiles/cmTC_43ce4.dir/build
make[1]: Entering directory '/mnt/c/Users/npkal/Desktop/SEAL_N/SEAL-master/CMakeFiles/CMakeTmp'
Building CXX object CMakeFiles/cmTC_43ce4.dir/src.cxx.o
/usr/bin/c++    -DUSE_STD_FOR_EACH_N  -O0 -std=c++17 -fPIE   -o CMakeFiles/cmTC_43ce4.dir/src.cxx.o -c /home/wonderwoman/desktop/SEAL_N/SEAL-master/CMakeFiles/CMakeTmp/src.cxx
/home/wonderwoman/desktop/SEAL_N/SEAL-master/CMakeFiles/CMakeTmp/src.cxx: In function ‘int main()’:
/home/wonderwoman/desktop/SEAL_N/SEAL-master/CMakeFiles/CMakeTmp/src.cxx:5:42: error: ‘for_each_n’ is not a member of ‘std’
                 volatile auto fun = std::for_each_n(a, 1, [](auto b) {});
                                          ^~~~~~~~~~
/home/wonderwoman/desktop/SEAL_N/SEAL-master/CMakeFiles/CMakeTmp/src.cxx:5:42: note: suggested alternative: ‘for_each’
                 volatile auto fun = std::for_each_n(a, 1, [](auto b) {});
                                          ^~~~~~~~~~
                                          for_each
CMakeFiles/cmTC_43ce4.dir/build.make:65: recipe for target 'CMakeFiles/cmTC_43ce4.dir/src.cxx.o' failed
make[1]: *** [CMakeFiles/cmTC_43ce4.dir/src.cxx.o] Error 1
make[1]: Leaving directory '/mnt/c/Users/npkal/Desktop/SEAL_N/SEAL-master/CMakeFiles/CMakeTmp'
Makefile:121: recipe for target 'cmTC_43ce4/fast' failed
make: *** [cmTC_43ce4/fast] Error 2


Source file was:

            #include <algorithm>
            int main() {
                int a[1]{ 0 };
                volatile auto fun = std::for_each_n(a, 1, [](auto b) {});
                return 0;
            }
Performing C++ SOURCE FILE Test USE_MEMSET_S failed with the following output:
Change Dir: /home/wonderwoman/desktop/SEAL_N/SEAL-master/CMakeFiles/CMakeTmp

Run Build Command(s):/usr/bin/make cmTC_17a46/fast && /usr/bin/make -f CMakeFiles/cmTC_17a46.dir/build.make CMakeFiles/cmTC_17a46.dir/build
make[1]: Entering directory '/mnt/c/Users/npkal/Desktop/SEAL_N/SEAL-master/CMakeFiles/CMakeTmp'
Building CXX object CMakeFiles/cmTC_17a46.dir/src.cxx.o
/usr/bin/c++    -DUSE_MEMSET_S -fPIE   -o CMakeFiles/cmTC_17a46.dir/src.cxx.o -c /home/wonderwoman/desktop/SEAL_N/SEAL-master/CMakeFiles/CMakeTmp/src.cxx
/home/wonderwoman/desktop/SEAL_N/SEAL-master/CMakeFiles/CMakeTmp/src.cxx: In function ‘int main()’:
/home/wonderwoman/desktop/SEAL_N/SEAL-master/CMakeFiles/CMakeTmp/src.cxx:7:17: error: ‘memset_s’ was not declared in this scope
         int r = memset_s(str, sizeof(str), 'a', 5);
                 ^~~~~~~~
/home/wonderwoman/desktop/SEAL_N/SEAL-master/CMakeFiles/CMakeTmp/src.cxx:7:17: note: suggested alternative: ‘memset’
         int r = memset_s(str, sizeof(str), 'a', 5);
                 ^~~~~~~~
                 memset
CMakeFiles/cmTC_17a46.dir/build.make:65: recipe for target 'CMakeFiles/cmTC_17a46.dir/src.cxx.o' failed
make[1]: *** [CMakeFiles/cmTC_17a46.dir/src.cxx.o] Error 1
make[1]: Leaving directory '/mnt/c/Users/npkal/Desktop/SEAL_N/SEAL-master/CMakeFiles/CMakeTmp'
Makefile:121: recipe for target 'cmTC_17a46/fast' failed
make: *** [cmTC_17a46/fast] Error 2


...and run output:

Return value: 1
Source file was:

    #define __STDC_WANT_LIB_EXT1__ 1
    #include <string.h>
    int main(void)
    {
        char str[] = "ghghghghghghghghghghgh";
        int r = memset_s(str, sizeof(str), 'a', 5);
        return r;
    }
Performing C++ SOURCE FILE Test USE_STD_FOR_EACH_N failed with the following output:
Change Dir: /home/wonderwoman/desktop/SEAL_N/SEAL-master/CMakeFiles/CMakeTmp

Run Build Command(s):/usr/bin/make cmTC_05b4e/fast && /usr/bin/make -f CMakeFiles/cmTC_05b4e.dir/build.make CMakeFiles/cmTC_05b4e.dir/build
make[1]: Entering directory '/mnt/c/Users/npkal/Desktop/SEAL_N/SEAL-master/CMakeFiles/CMakeTmp'
Building CXX object CMakeFiles/cmTC_05b4e.dir/src.cxx.o
/usr/bin/c++    -DUSE_STD_FOR_EACH_N  -O0 -std=c++17 -fPIE   -o CMakeFiles/cmTC_05b4e.dir/src.cxx.o -c /home/wonderwoman/desktop/SEAL_N/SEAL-master/CMakeFiles/CMakeTmp/src.cxx
/home/wonderwoman/desktop/SEAL_N/SEAL-master/CMakeFiles/CMakeTmp/src.cxx: In function ‘int main()’:
/home/wonderwoman/desktop/SEAL_N/SEAL-master/CMakeFiles/CMakeTmp/src.cxx:5:42: error: ‘for_each_n’ is not a member of ‘std’
                 volatile auto fun = std::for_each_n(a, 1, [](auto b) {});
                                          ^~~~~~~~~~
/home/wonderwoman/desktop/SEAL_N/SEAL-master/CMakeFiles/CMakeTmp/src.cxx:5:42: note: suggested alternative: ‘for_each’
                 volatile auto fun = std::for_each_n(a, 1, [](auto b) {});
                                          ^~~~~~~~~~
                                          for_each
CMakeFiles/cmTC_05b4e.dir/build.make:65: recipe for target 'CMakeFiles/cmTC_05b4e.dir/src.cxx.o' failed
make[1]: *** [CMakeFiles/cmTC_05b4e.dir/src.cxx.o] Error 1
make[1]: Leaving directory '/mnt/c/Users/npkal/Desktop/SEAL_N/SEAL-master/CMakeFiles/CMakeTmp'
Makefile:121: recipe for target 'cmTC_05b4e/fast' failed
make: *** [cmTC_05b4e/fast] Error 2


Source file was:

            #include <algorithm>
            int main() {
                int a[1]{ 0 };
                volatile auto fun = std::for_each_n(a, 1, [](auto b) {});
                return 0;
            }
Performing C++ SOURCE FILE Test USE_MEMSET_S failed with the following output:
Change Dir: /home/wonderwoman/desktop/SEAL_N/SEAL-master/CMakeFiles/CMakeTmp

Run Build Command(s):/usr/bin/make cmTC_e961d/fast && /usr/bin/make -f CMakeFiles/cmTC_e961d.dir/build.make CMakeFiles/cmTC_e961d.dir/build
make[1]: Entering directory '/mnt/c/Users/npkal/Desktop/SEAL_N/SEAL-master/CMakeFiles/CMakeTmp'
Building CXX object CMakeFiles/cmTC_e961d.dir/src.cxx.o
/usr/bin/c++    -DUSE_MEMSET_S -fPIE   -o CMakeFiles/cmTC_e961d.dir/src.cxx.o -c /home/wonderwoman/desktop/SEAL_N/SEAL-master/CMakeFiles/CMakeTmp/src.cxx
/home/wonderwoman/desktop/SEAL_N/SEAL-master/CMakeFiles/CMakeTmp/src.cxx: In function ‘int main()’:
/home/wonderwoman/desktop/SEAL_N/SEAL-master/CMakeFiles/CMakeTmp/src.cxx:7:17: error: ‘memset_s’ was not declared in this scope
         int r = memset_s(str, sizeof(str), 'a', 5);
                 ^~~~~~~~
/home/wonderwoman/desktop/SEAL_N/SEAL-master/CMakeFiles/CMakeTmp/src.cxx:7:17: note: suggested alternative: ‘memset’
         int r = memset_s(str, sizeof(str), 'a', 5);
                 ^~~~~~~~
                 memset
CMakeFiles/cmTC_e961d.dir/build.make:65: recipe for target 'CMakeFiles/cmTC_e961d.dir/src.cxx.o' failed
make[1]: *** [CMakeFiles/cmTC_e961d.dir/src.cxx.o] Error 1
make[1]: Leaving directory '/mnt/c/Users/npkal/Desktop/SEAL_N/SEAL-master/CMakeFiles/CMakeTmp'
Makefile:121: recipe for target 'cmTC_e961d/fast' failed
make: *** [cmTC_e961d/fast] Error 2


...and run output:

Return value: 1
Source file was:

    #define __STDC_WANT_LIB_EXT1__ 1
    #include <string.h>
    int main(void)
    {
        char str[] = "ghghghghghghghghghghgh";
        int r = memset_s(str, sizeof(str), 'a', 5);
        return r;
    }
Performing C++ SOURCE FILE Test USE_STD_FOR_EACH_N failed with the following output:
Change Dir: /home/wonderwoman/desktop/SEAL_N/SEAL-master/CMakeFiles/CMakeTmp

Run Build Command(s):/usr/bin/make cmTC_5f12e/fast && /usr/bin/make -f CMakeFiles/cmTC_5f12e.dir/build.make CMakeFiles/cmTC_5f12e.dir/build
make[1]: Entering directory '/mnt/c/Users/npkal/Desktop/SEAL_N/SEAL-master/CMakeFiles/CMakeTmp'
Building CXX object CMakeFiles/cmTC_5f12e.dir/src.cxx.o
/usr/bin/c++    -DUSE_STD_FOR_EACH_N  -O0 -std=c++17 -fPIE   -o CMakeFiles/cmTC_5f12e.dir/src.cxx.o -c /home/wonderwoman/desktop/SEAL_N/SEAL-master/CMakeFiles/CMakeTmp/src.cxx
/home/wonderwoman/desktop/SEAL_N/SEAL-master/CMakeFiles/CMakeTmp/src.cxx: In function ‘int main()’:
/home/wonderwoman/desktop/SEAL_N/SEAL-master/CMakeFiles/CMakeTmp/src.cxx:5:42: error: ‘for_each_n’ is not a member of ‘std’
                 volatile auto fun = std::for_each_n(a, 1, [](auto b) {});
                                          ^~~~~~~~~~
/home/wonderwoman/desktop/SEAL_N/SEAL-master/CMakeFiles/CMakeTmp/src.cxx:5:42: note: suggested alternative: ‘for_each’
                 volatile auto fun = std::for_each_n(a, 1, [](auto b) {});
                                          ^~~~~~~~~~
                                          for_each
CMakeFiles/cmTC_5f12e.dir/build.make:65: recipe for target 'CMakeFiles/cmTC_5f12e.dir/src.cxx.o' failed
make[1]: *** [CMakeFiles/cmTC_5f12e.dir/src.cxx.o] Error 1
make[1]: Leaving directory '/mnt/c/Users/npkal/Desktop/SEAL_N/SEAL-master/CMakeFiles/CMakeTmp'
Makefile:121: recipe for target 'cmTC_5f12e/fast' failed
make: *** [cmTC_5f12e/fast] Error 2


Source file was:

            #include <algorithm>
            int main() {
                int a[1]{ 0 };
                volatile auto fun = std::for_each_n(a, 1, [](auto b) {});
                return 0;
            }
Performing C++ SOURCE FILE Test USE_MEMSET_S failed with the following output:
Change Dir: /home/wonderwoman/desktop/SEAL_N/SEAL-master/CMakeFiles/CMakeTmp

Run Build Command(s):/usr/bin/make cmTC_5db25/fast && /usr/bin/make -f CMakeFiles/cmTC_5db25.dir/build.make CMakeFiles/cmTC_5db25.dir/build
make[1]: Entering directory '/mnt/c/Users/npkal/Desktop/SEAL_N/SEAL-master/CMakeFiles/CMakeTmp'
Building CXX object CMakeFiles/cmTC_5db25.dir/src.cxx.o
/usr/bin/c++    -DUSE_MEMSET_S -fPIE   -o CMakeFiles/cmTC_5db25.dir/src.cxx.o -c /home/wonderwoman/desktop/SEAL_N/SEAL-master/CMakeFiles/CMakeTmp/src.cxx
/home/wonderwoman/desktop/SEAL_N/SEAL-master/CMakeFiles/CMakeTmp/src.cxx: In function ‘int main()’:
/home/wonderwoman/desktop/SEAL_N/SEAL-master/CMakeFiles/CMakeTmp/src.cxx:7:17: error: ‘memset_s’ was not declared in this scope
         int r = memset_s(str, sizeof(str), 'a', 5);
                 ^~~~~~~~
/home/wonderwoman/desktop/SEAL_N/SEAL-master/CMakeFiles/CMakeTmp/src.cxx:7:17: note: suggested alternative: ‘memset’
         int r = memset_s(str, sizeof(str), 'a', 5);
                 ^~~~~~~~
                 memset
CMakeFiles/cmTC_5db25.dir/build.make:65: recipe for target 'CMakeFiles/cmTC_5db25.dir/src.cxx.o' failed
make[1]: *** [CMakeFiles/cmTC_5db25.dir/src.cxx.o] Error 1
make[1]: Leaving directory '/mnt/c/Users/npkal/Desktop/SEAL_N/SEAL-master/CMakeFiles/CMakeTmp'
Makefile:121: recipe for target 'cmTC_5db25/fast' failed
make: *** [cmTC_5db25/fast] Error 2


...and run output:

Return value: 1
Source file was:

    #define __STDC_WANT_LIB_EXT1__ 1
    #include <string.h>
    int main(void)
    {
        char str[] = "ghghghghghghghghghghgh";
        int r = memset_s(str, sizeof(str), 'a', 5);
        return r;
    }
